RUN	videoGamedb.loadSimulation.VideoGameDBLoadSimulation02	videogamedbloadsimulation02	1705209037848	test	3.10.3
USER	Section 7 Code	START	1705209044348
USER	Section 7 Code	START	1705209044551
USER	Section 7 Code	START	1705209044644
USER	Section 7 Code	START	1705209044722
REQUEST		Get All VideoGames	1705209044347	1705209044826	OK	 
REQUEST		Get All VideoGames	1705209044550	1705209045006	OK	 
REQUEST		Get All VideoGames	1705209044644	1705209045095	OK	 
USER	Section 7 Code	START	1705209045112
REQUEST		Get All VideoGames	1705209044721	1705209045178	OK	 
USER	Section 7 Code	START	1705209045267
USER	Section 7 Code	START	1705209045298
USER	Section 7 Code	START	1705209045330
USER	Section 7 Code	START	1705209045377
REQUEST		Get All VideoGames	1705209045111	1705209045564	OK	 
USER	Section 7 Code	START	1705209045674
REQUEST		Get All VideoGames	1705209045267	1705209045728	OK	 
REQUEST		Get All VideoGames	1705209045298	1705209045759	OK	 
USER	Section 7 Code	START	1705209045784
REQUEST		Get All VideoGames	1705209045330	1705209045794	OK	 
REQUEST		Get All VideoGames	1705209045376	1705209045836	OK	 
USER	Section 7 Code	START	1705209045942
USER	Section 7 Code	START	1705209045958
USER	Section 7 Code	START	1705209045974
USER	Section 7 Code	START	1705209046022
REQUEST		Get All VideoGames	1705209045673	1705209046136	OK	 
USER	Section 7 Code	START	1705209046145
REQUEST		Get All VideoGames	1705209045783	1705209046250	OK	 
REQUEST		Get All VideoGames	1705209045957	1705209046399	OK	 
REQUEST		Get All VideoGames	1705209045941	1705209046405	OK	 
REQUEST		Get All VideoGames	1705209045973	1705209046449	OK	 
REQUEST		Get All VideoGames	1705209046021	1705209046468	OK	 
REQUEST		Get All VideoGames	1705209046145	1705209046599	OK	 
USER	Section 7 Code	START	1705209046816
USER	Section 7 Code	START	1705209046863
USER	Section 7 Code	START	1705209047252
REQUEST		Get All VideoGames	1705209046816	1705209047268	OK	 
REQUEST		Get All VideoGames	1705209046862	1705209047336	OK	 
USER	Section 7 Code	START	1705209047345
USER	Section 7 Code	START	1705209047439
USER	Section 7 Code	START	1705209047642
USER	Section 7 Code	START	1705209047673
USER	Section 7 Code	START	1705209047690
REQUEST		Get All VideoGames	1705209047252	1705209047702	OK	 
REQUEST		Get All VideoGames	1705209047345	1705209047814	OK	 
REQUEST		Get All VideoGames	1705209047438	1705209047877	OK	 
USER	Section 7 Code	START	1705209047986
REQUEST		Get All VideoGames	1705209047642	1705209048100	OK	 
REQUEST		Get All VideoGames	1705209047673	1705209048120	OK	 
USER	Section 7 Code	START	1705209048155
USER	Section 7 Code	START	1705209048156
USER	Section 7 Code	START	1705209048156
REQUEST		Get All VideoGames	1705209047689	1705209048164	OK	 
USER	Section 7 Code	START	1705209048219
USER	Section 7 Code	START	1705209048281
REQUEST		Get All VideoGames	1705209047985	1705209048457	OK	 
USER	Section 7 Code	START	1705209048529
USER	Section 7 Code	START	1705209048529
USER	Section 7 Code	START	1705209048529
REQUEST		Get All VideoGames	1705209048156	1705209048598	OK	 
REQUEST		Get All VideoGames	1705209048155	1705209048611	OK	 
REQUEST		Get All VideoGames	1705209048156	1705209048620	OK	 
USER	Section 7 Code	START	1705209048672
REQUEST		Get All VideoGames	1705209048218	1705209048686	OK	 
REQUEST		Get All VideoGames	1705209048280	1705209048736	OK	 
USER	Section 7 Code	START	1705209048937
REQUEST		Get All VideoGames	1705209048529	1705209048973	OK	 
REQUEST		Get All VideoGames	1705209048529	1705209048977	OK	 
REQUEST		Get All VideoGames	1705209048529	1705209049000	OK	 
USER	Section 7 Code	START	1705209049062
REQUEST		Get All VideoGames	1705209048671	1705209049123	OK	 
REQUEST		Get All VideoGames	1705209048936	1705209049398	OK	 
REQUEST		Get All VideoGames	1705209049062	1705209049525	OK	 
USER	Section 7 Code	START	1705209049694
REQUEST		Get Specific Game	1705209049851	1705209050008	OK	 
USER	Section 7 Code	START	1705209050009
USER	Section 7 Code	START	1705209050056
REQUEST		Get All VideoGames	1705209049693	1705209050133	OK	 
REQUEST		Get Specific Game	1705209050009	1705209050159	OK	 
REQUEST		Get Specific Game	1705209050103	1705209050251	OK	 
USER	Section 7 Code	START	1705209050277
USER	Section 7 Code	START	1705209050293
REQUEST		Get Specific Game	1705209050182	1705209050334	OK	 
REQUEST		Get All VideoGames	1705209050009	1705209050453	OK	 
REQUEST		Get All VideoGames	1705209050055	1705209050511	OK	 
REQUEST		Get All VideoGames	1705209050277	1705209050724	OK	 
REQUEST		Get Specific Game	1705209050577	1705209050726	OK	 
REQUEST		Get All VideoGames	1705209050293	1705209050761	OK	 
USER	Section 7 Code	START	1705209050844
REQUEST		Get Specific Game	1705209050733	1705209050885	OK	 
REQUEST		Get Specific Game	1705209050765	1705209050915	OK	 
REQUEST		Get Specific Game	1705209050796	1705209050950	OK	 
REQUEST		Get Specific Game	1705209050843	1705209050996	OK	 
USER	Section 7 Code	START	1705209050999
REQUEST		Get Specific Game	1705209051137	1705209051291	OK	 
REQUEST		Get All VideoGames	1705209050843	1705209051305	OK	 
USER	Section 7 Code	START	1705209051327
USER	Section 7 Code	START	1705209051343
USER	Section 7 Code	START	1705209051358
USER	Section 7 Code	START	1705209051389
REQUEST		Get Specific Game	1705209051262	1705209051420	OK	 
REQUEST		Get All VideoGames	1705209050998	1705209051442	OK	 
REQUEST		Get Specific Game	1705209051405	1705209051551	OK	 
REQUEST		Get Specific Game	1705209051420	1705209051573	OK	 
REQUEST		Get Specific Game	1705209051466	1705209051624	OK	 
REQUEST		Get Specific Game	1705209051481	1705209051630	OK	 
USER	Section 7 Code	START	1705209051687
REQUEST		Get Specific Game	1705209051608	1705209051758	OK	 
REQUEST		Get All VideoGames	1705209051327	1705209051774	OK	 
REQUEST		Get All VideoGames	1705209051342	1705209051809	OK	 
REQUEST		Get All VideoGames	1705209051358	1705209051810	OK	 
REQUEST		Get All VideoGames	1705209051389	1705209051847	OK	 
USER	Section 7 Code	START	1705209051967
REQUEST		Get All VideoGames	1705209051686	1705209052135	OK	 
USER	Section 7 Code	START	1705209052279
REQUEST		Get All VideoGames	1705209051966	1705209052416	OK	 
REQUEST		Get Specific Game	1705209052279	1705209052428	OK	 
REQUEST		Get Specific Game	1705209052343	1705209052500	OK	 
USER	Section 7 Code	START	1705209052593
REQUEST		Get All VideoGames	1705209052279	1705209052735	OK	 
REQUEST		Get Specific Game	1705209052717	1705209052867	OK	 
USER	Section 7 Code	START	1705209052873
USER	Section 7 Code	START	1705209052889
USER	Section 7 Code	START	1705209052967
REQUEST		Get Specific Game	1705209052826	1705209052980	OK	 
USER	Section 7 Code	START	1705209052982
REQUEST		Get Specific Game	1705209052889	1705209053034	OK	 
REQUEST		Get All VideoGames	1705209052592	1705209053042	OK	 
REQUEST		Get Specific Game	1705209053107	1705209053258	OK	 
REQUEST		Get Specific Game	1705209053123	1705209053271	OK	 
REQUEST		Get All VideoGames	1705209052872	1705209053313	OK	 
REQUEST		Get Specific Game	1705209053171	1705209053327	OK	 
USER	Section 7 Code	START	1705209053328
REQUEST		Get All VideoGames	1705209052888	1705209053337	OK	 
REQUEST		Get All VideoGames	1705209052966	1705209053422	OK	 
REQUEST		Get All VideoGames	1705209052981	1705209053456	OK	 
USER	Section 7 Code	START	1705209053515
USER	Section 7 Code	START	1705209053562
REQUEST		Get Specific Game	1705209053468	1705209053623	OK	 
USER	Section 7 Code	START	1705209053640
USER	Section 7 Code	START	1705209053703
REQUEST		Get Specific Game	1705209053608	1705209053754	OK	 
REQUEST		Get Specific Game	1705209053624	1705209053775	OK	 
REQUEST		Get All VideoGames	1705209053327	1705209053775	OK	 
REQUEST		Get Specific Game	1705209053624	1705209053777	OK	 
REQUEST		Get Specific Game	1705209053687	1705209053840	OK	 
REQUEST		Get Specific Game	1705209053749	1705209053900	OK	 
REQUEST		Get All VideoGames	1705209053514	1705209053964	OK	 
REQUEST		Get All VideoGames	1705209053562	1705209054016	OK	 
REQUEST		Get All VideoGames	1705209053640	1705209054108	OK	 
REQUEST		Get Specific Game	1705209053982	1705209054128	OK	 
REQUEST		Get Specific Game	1705209053982	1705209054129	OK	 
REQUEST		Get All VideoGames	1705209053703	1705209054161	OK	 
REQUEST		Get Specific Game	1705209054014	1705209054168	OK	 
REQUEST		Get Specific Game	1705209054138	1705209054289	OK	 
REQUEST		Get Specific Game	1705209054401	1705209054555	OK	 
REQUEST		Get Specific Game	1705209054528	1705209054682	OK	 
REQUEST		Get All VideoGames	1705209055016	1705209055174	OK	 
USER	Section 7 Code	END	1705209055175
REQUEST		Get Specific Game	1705209055144	1705209055290	OK	 
REQUEST		Get All VideoGames	1705209055175	1705209055325	OK	 
USER	Section 7 Code	END	1705209055326
REQUEST		Get All VideoGames	1705209055253	1705209055401	OK	 
USER	Section 7 Code	END	1705209055402
REQUEST		Get All VideoGames	1705209055346	1705209055497	OK	 
USER	Section 7 Code	END	1705209055498
REQUEST		Get Specific Game	1705209055455	1705209055603	OK	 
REQUEST		Get Specific Game	1705209055518	1705209055669	OK	 
REQUEST		Get Specific Game	1705209055733	1705209055882	OK	 
REQUEST		Get All VideoGames	1705209055733	1705209055883	OK	 
USER	Section 7 Code	END	1705209055883
REQUEST		Get Specific Game	1705209055764	1705209055919	OK	 
REQUEST		Get All VideoGames	1705209055889	1705209056042	OK	 
USER	Section 7 Code	END	1705209056042
REQUEST		Get All VideoGames	1705209055920	1705209056070	OK	 
USER	Section 7 Code	END	1705209056071
REQUEST		Get All VideoGames	1705209055952	1705209056106	OK	 
USER	Section 7 Code	END	1705209056107
REQUEST		Get All VideoGames	1705209055998	1705209056150	OK	 
USER	Section 7 Code	END	1705209056151
REQUEST		Get All VideoGames	1705209056294	1705209056447	OK	 
USER	Section 7 Code	END	1705209056448
REQUEST		Get Specific Game	1705209056310	1705209056464	OK	 
REQUEST		Get All VideoGames	1705209056435	1705209056590	OK	 
USER	Section 7 Code	END	1705209056590
REQUEST		Get Specific Game	1705209056450	1705209056596	OK	 
REQUEST		Get All VideoGames	1705209056560	1705209056706	OK	 
USER	Section 7 Code	END	1705209056707
REQUEST		Get All VideoGames	1705209056575	1705209056728	OK	 
USER	Section 7 Code	END	1705209056729
REQUEST		Get All VideoGames	1705209056639	1705209056787	OK	 
USER	Section 7 Code	END	1705209056788
REQUEST		Get All VideoGames	1705209056639	1705209056796	OK	 
USER	Section 7 Code	END	1705209056796
REQUEST		Get All VideoGames	1705209056763	1705209056913	OK	 
USER	Section 7 Code	END	1705209056914
REQUEST		Get Specific Game	1705209056778	1705209056927	OK	 
REQUEST		Get Specific Game	1705209056824	1705209056973	OK	 
REQUEST		Get Specific Game	1705209056824	1705209056977	OK	 
REQUEST		Get Specific Game	1705209056855	1705209057007	OK	 
REQUEST		Get Specific Game	1705209057137	1705209057287	OK	 
REQUEST		Get Specific Game	1705209057419	1705209057568	OK	 
REQUEST		Get All VideoGames	1705209057436	1705209057585	OK	 
USER	Section 7 Code	END	1705209057586
REQUEST		Get All VideoGames	1705209057515	1705209057673	OK	 
USER	Section 7 Code	END	1705209057674
REQUEST		Get Specific Game	1705209057750	1705209057901	OK	 
REQUEST		Get All VideoGames	1705209057875	1705209058025	OK	 
USER	Section 7 Code	END	1705209058026
REQUEST		Get All VideoGames	1705209057985	1705209058140	OK	 
USER	Section 7 Code	END	1705209058140
REQUEST		Get All VideoGames	1705209058049	1705209058195	OK	 
USER	Section 7 Code	END	1705209058195
REQUEST		Get Specific Game	1705209058049	1705209058197	OK	 
REQUEST		Get All VideoGames	1705209058268	1705209058426	OK	 
USER	Section 7 Code	END	1705209058427
REQUEST		Get All VideoGames	1705209058284	1705209058442	OK	 
USER	Section 7 Code	END	1705209058443
REQUEST		Get Specific Game	1705209058316	1705209058472	OK	 
REQUEST		Get All VideoGames	1705209058331	1705209058488	OK	 
USER	Section 7 Code	END	1705209058488
REQUEST		Get Specific Game	1705209058347	1705209058502	OK	 
REQUEST		Get Specific Game	1705209058426	1705209058578	OK	 
REQUEST		Get Specific Game	1705209058457	1705209058615	OK	 
REQUEST		Get All VideoGames	1705209058629	1705209058784	OK	 
USER	Section 7 Code	END	1705209058785
REQUEST		Get All VideoGames	1705209058768	1705209058914	OK	 
USER	Section 7 Code	END	1705209058915
REQUEST		Get Specific Game	1705209058783	1705209058931	OK	 
REQUEST		Get All VideoGames	1705209058783	1705209058934	OK	 
USER	Section 7 Code	END	1705209058935
REQUEST		Get All VideoGames	1705209058783	1705209058937	OK	 
USER	Section 7 Code	END	1705209058938
REQUEST		Get All VideoGames	1705209058847	1705209059000	OK	 
USER	Section 7 Code	END	1705209059001
REQUEST		Get All VideoGames	1705209058911	1705209059061	OK	 
USER	Section 7 Code	END	1705209059062
REQUEST		Get Specific Game	1705209058973	1705209059123	OK	 
REQUEST		Get Specific Game	1705209059020	1705209059171	OK	 
REQUEST		Get Specific Game	1705209059115	1705209059271	OK	 
REQUEST		Get All VideoGames	1705209059130	1705209059276	OK	 
USER	Section 7 Code	END	1705209059277
REQUEST		Get All VideoGames	1705209059145	1705209059293	OK	 
USER	Section 7 Code	END	1705209059294
REQUEST		Get Specific Game	1705209059162	1705209059314	OK	 
REQUEST		Get All VideoGames	1705209059176	1705209059331	OK	 
USER	Section 7 Code	END	1705209059332
REQUEST		Get All VideoGames	1705209059300	1705209059450	OK	 
USER	Section 7 Code	END	1705209059451
REQUEST		Get All VideoGames	1705209059564	1705209059718	OK	 
USER	Section 7 Code	END	1705209059718
REQUEST		Get All VideoGames	1705209059689	1705209059843	OK	 
USER	Section 7 Code	END	1705209059843
REQUEST		Get All VideoGames	1705209060299	1705209060445	OK	 
USER	Section 7 Code	END	1705209060446
REQUEST		Get All VideoGames	1705209060615	1705209060763	OK	 
USER	Section 7 Code	END	1705209060764
REQUEST		Get All VideoGames	1705209060678	1705209060831	OK	 
USER	Section 7 Code	END	1705209060832
REQUEST		Get All VideoGames	1705209060883	1705209061032	OK	 
USER	Section 7 Code	END	1705209061033
REQUEST		Get All VideoGames	1705209060931	1705209061087	OK	 
USER	Section 7 Code	END	1705209061088
REQUEST		Get All VideoGames	1705209061467	1705209061620	OK	 
USER	Section 7 Code	END	1705209061621
REQUEST		Get All VideoGames	1705209061606	1705209061754	OK	 
USER	Section 7 Code	END	1705209061755
REQUEST		Get All VideoGames	1705209061932	1705209062081	OK	 
USER	Section 7 Code	END	1705209062082
REQUEST		Get All VideoGames	1705209061978	1705209062127	OK	 
USER	Section 7 Code	END	1705209062128
REQUEST		Get All VideoGames	1705209061993	1705209062147	OK	 
USER	Section 7 Code	END	1705209062147
REQUEST		Get All VideoGames	1705209062009	1705209062160	OK	 
USER	Section 7 Code	END	1705209062161
REQUEST		Get All VideoGames	1705209062290	1705209062439	OK	 
USER	Section 7 Code	END	1705209062440
REQUEST		Get All VideoGames	1705209062570	1705209062719	OK	 
USER	Section 7 Code	END	1705209062719
REQUEST		Get All VideoGames	1705209062913	1705209063064	OK	 
USER	Section 7 Code	END	1705209063065
REQUEST		Get All VideoGames	1705209063211	1705209063359	OK	 
USER	Section 7 Code	END	1705209063360
REQUEST		Get All VideoGames	1705209063477	1705209063626	OK	 
USER	Section 7 Code	END	1705209063627
REQUEST		Get All VideoGames	1705209063508	1705209063657	OK	 
USER	Section 7 Code	END	1705209063658
REQUEST		Get All VideoGames	1705209063587	1705209063739	OK	 
USER	Section 7 Code	END	1705209063739
REQUEST		Get All VideoGames	1705209063619	1705209063776	OK	 
USER	Section 7 Code	END	1705209063776
REQUEST		Get All VideoGames	1705209063946	1705209064095	OK	 
USER	Section 7 Code	END	1705209064096
REQUEST		Get All VideoGames	1705209064133	1705209064282	OK	 
USER	Section 7 Code	END	1705209064283
REQUEST		Get All VideoGames	1705209064180	1705209064333	OK	 
USER	Section 7 Code	END	1705209064333
REQUEST		Get All VideoGames	1705209064274	1705209064430	OK	 
USER	Section 7 Code	END	1705209064430
REQUEST		Get All VideoGames	1705209064321	1705209064474	OK	 
USER	Section 7 Code	END	1705209064474
