RUN	videoGamedb.loadSimulation.VideoGameDBLoadSimulation	videogamedbloadsimulation	1705208324269	test	3.10.3
USER	Section 7 Code	START	1705208330978
USER	Section 7 Code	START	1705208330978
USER	Section 7 Code	START	1705208330978
USER	Section 7 Code	START	1705208330978
USER	Section 7 Code	START	1705208330978
USER	Section 7 Code	START	1705208330978
REQUEST		Get All VideoGames	1705208330974	1705208331424	OK	 
REQUEST		Get All VideoGames	1705208330974	1705208331422	OK	 
REQUEST		Get All VideoGames	1705208330974	1705208331423	OK	 
REQUEST		Get All VideoGames	1705208330974	1705208331439	OK	 
REQUEST		Get All VideoGames	1705208330974	1705208331440	OK	 
REQUEST		Get All VideoGames	1705208330974	1705208331441	OK	 
USER	Section 7 Code	START	1705208332947
REQUEST		Get All VideoGames	1705208332946	1705208333391	OK	 
USER	Section 7 Code	START	1705208334940
REQUEST		Get All VideoGames	1705208334939	1705208335386	OK	 
REQUEST		Get Specific Game	1705208336446	1705208336594	OK	 
REQUEST		Get Specific Game	1705208336446	1705208336594	OK	 
REQUEST		Get Specific Game	1705208336446	1705208336595	OK	 
REQUEST		Get Specific Game	1705208336446	1705208336597	OK	 
REQUEST		Get Specific Game	1705208336446	1705208336598	OK	 
REQUEST		Get Specific Game	1705208336446	1705208336599	OK	 
USER	Section 7 Code	START	1705208336957
REQUEST		Get All VideoGames	1705208336956	1705208337406	OK	 
REQUEST		Get Specific Game	1705208338403	1705208338551	OK	 
USER	Section 7 Code	START	1705208338936
REQUEST		Get All VideoGames	1705208338935	1705208339393	OK	 
REQUEST		Get Specific Game	1705208340399	1705208340547	OK	 
USER	Section 7 Code	START	1705208340949
REQUEST		Get All VideoGames	1705208340949	1705208341400	OK	 
REQUEST		Get All VideoGames	1705208341603	1705208341750	OK	 
REQUEST		Get All VideoGames	1705208341603	1705208341751	OK	 
REQUEST		Get All VideoGames	1705208341603	1705208341752	OK	 
USER	Section 7 Code	END	1705208341753
USER	Section 7 Code	END	1705208341753
USER	Section 7 Code	END	1705208341753
REQUEST		Get All VideoGames	1705208341603	1705208341755	OK	 
REQUEST		Get All VideoGames	1705208341603	1705208341755	OK	 
USER	Section 7 Code	END	1705208341755
USER	Section 7 Code	END	1705208341756
REQUEST		Get All VideoGames	1705208341603	1705208341757	OK	 
USER	Section 7 Code	END	1705208341757
REQUEST		Get Specific Game	1705208342413	1705208342562	OK	 
USER	Section 7 Code	START	1705208342944
REQUEST		Get All VideoGames	1705208342944	1705208343383	OK	 
REQUEST		Get All VideoGames	1705208343565	1705208343714	OK	 
USER	Section 7 Code	END	1705208343714
REQUEST		Get Specific Game	1705208344408	1705208344560	OK	 
USER	Section 7 Code	START	1705208344936
REQUEST		Get All VideoGames	1705208344935	1705208345399	OK	 
REQUEST		Get All VideoGames	1705208345562	1705208345710	OK	 
USER	Section 7 Code	END	1705208345711
REQUEST		Get Specific Game	1705208346404	1705208346554	OK	 
USER	Section 7 Code	START	1705208346948
REQUEST		Get All VideoGames	1705208346947	1705208347392	OK	 
REQUEST		Get All VideoGames	1705208347570	1705208347718	OK	 
USER	Section 7 Code	END	1705208347719
REQUEST		Get Specific Game	1705208348397	1705208348542	OK	 
USER	Section 7 Code	START	1705208348942
REQUEST		Get All VideoGames	1705208348942	1705208349395	OK	 
REQUEST		Get All VideoGames	1705208349576	1705208349727	OK	 
USER	Section 7 Code	END	1705208349728
REQUEST		Get Specific Game	1705208350401	1705208350556	OK	 
REQUEST		Get All VideoGames	1705208351556	1705208351704	OK	 
USER	Section 7 Code	END	1705208351705
REQUEST		Get Specific Game	1705208352395	1705208352542	OK	 
REQUEST		Get All VideoGames	1705208353548	1705208353694	OK	 
USER	Section 7 Code	END	1705208353695
REQUEST		Get Specific Game	1705208354411	1705208354561	OK	 
REQUEST		Get All VideoGames	1705208355563	1705208355717	OK	 
USER	Section 7 Code	END	1705208355718
REQUEST		Get All VideoGames	1705208357543	1705208357690	OK	 
USER	Section 7 Code	END	1705208357691
REQUEST		Get All VideoGames	1705208359567	1705208359717	OK	 
USER	Section 7 Code	END	1705208359718
