RUN	videoGamedb.loadSimulation.VideoGameDBLoadSimulation02	videogamedbloadsimulation02	1705209447920	test	3.10.3
USER	Section 7 Code	START	1705209454890
USER	Section 7 Code	START	1705209455200
REQUEST		Get All VideoGames	1705209454889	1705209455345	OK	 
REQUEST		Get All VideoGames	1705209455199	1705209455657	OK	 
USER	Section 7 Code	START	1705209455934
USER	Section 7 Code	START	1705209456198
USER	Section 7 Code	START	1705209456261
REQUEST		Get All VideoGames	1705209455934	1705209456395	OK	 
REQUEST		Get All VideoGames	1705209456197	1705209456652	OK	 
REQUEST		Get All VideoGames	1705209456260	1705209456730	OK	 
USER	Section 7 Code	START	1705209458058
USER	Section 7 Code	START	1705209458167
USER	Section 7 Code	START	1705209458310
USER	Section 7 Code	START	1705209458484
REQUEST		Get All VideoGames	1705209458057	1705209458515	OK	 
REQUEST		Get All VideoGames	1705209458166	1705209458624	OK	 
REQUEST		Get All VideoGames	1705209458309	1705209458771	OK	 
USER	Section 7 Code	START	1705209458796
REQUEST		Get All VideoGames	1705209458483	1705209458940	OK	 
USER	Section 7 Code	START	1705209459092
REQUEST		Get All VideoGames	1705209458795	1705209459264	OK	 
USER	Section 7 Code	START	1705209459418
REQUEST		Get All VideoGames	1705209459092	1705209459553	OK	 
USER	Section 7 Code	START	1705209459653
REQUEST		Get All VideoGames	1705209459417	1705209459875	OK	 
REQUEST		Get All VideoGames	1705209459652	1705209460128	OK	 
USER	Section 7 Code	START	1705209460310
REQUEST		Get Specific Game	1705209460356	1705209460505	OK	 
USER	Section 7 Code	START	1705209460685
REQUEST		Get All VideoGames	1705209460310	1705209460772	OK	 
REQUEST		Get Specific Game	1705209460668	1705209460819	OK	 
REQUEST		Get All VideoGames	1705209460684	1705209461141	OK	 
USER	Section 7 Code	START	1705209461225
REQUEST		Get Specific Game	1705209461399	1705209461552	OK	 
USER	Section 7 Code	START	1705209461678
REQUEST		Get All VideoGames	1705209461224	1705209461704	OK	 
REQUEST		Get Specific Game	1705209461662	1705209461813	OK	 
REQUEST		Get Specific Game	1705209461741	1705209461897	OK	 
REQUEST		Get All VideoGames	1705209461678	1705209462133	OK	 
USER	Section 7 Code	START	1705209462224
REQUEST		Get All VideoGames	1705209462224	1705209462682	OK	 
USER	Section 7 Code	START	1705209462711
USER	Section 7 Code	START	1705209462931
USER	Section 7 Code	START	1705209462947
REQUEST		Get All VideoGames	1705209462710	1705209463171	OK	 
USER	Section 7 Code	START	1705209463243
REQUEST		Get All VideoGames	1705209462930	1705209463373	OK	 
REQUEST		Get All VideoGames	1705209462946	1705209463398	OK	 
USER	Section 7 Code	START	1705209463399
USER	Section 7 Code	START	1705209463446
USER	Section 7 Code	START	1705209463494
REQUEST		Get Specific Game	1705209463523	1705209463674	OK	 
REQUEST		Get All VideoGames	1705209463243	1705209463700	OK	 
USER	Section 7 Code	START	1705209463774
REQUEST		Get Specific Game	1705209463632	1705209463781	OK	 
USER	Section 7 Code	START	1705209463789
USER	Section 7 Code	START	1705209463820
REQUEST		Get All VideoGames	1705209463398	1705209463851	OK	 
REQUEST		Get All VideoGames	1705209463445	1705209463902	OK	 
USER	Section 7 Code	START	1705209463914
REQUEST		Get Specific Game	1705209463773	1705209463925	OK	 
REQUEST		Get All VideoGames	1705209463493	1705209463945	OK	 
REQUEST		Get Specific Game	1705209463944	1705209464094	OK	 
REQUEST		Get All VideoGames	1705209463773	1705209464219	OK	 
REQUEST		Get All VideoGames	1705209463789	1705209464243	OK	 
REQUEST		Get All VideoGames	1705209463819	1705209464274	OK	 
REQUEST		Get All VideoGames	1705209463913	1705209464370	OK	 
REQUEST		Get Specific Game	1705209464270	1705209464423	OK	 
USER	Section 7 Code	START	1705209464443
USER	Section 7 Code	START	1705209464598
USER	Section 7 Code	START	1705209464692
REQUEST		Get Specific Game	1705209464567	1705209464720	OK	 
USER	Section 7 Code	START	1705209464723
USER	Section 7 Code	START	1705209464893
REQUEST		Get All VideoGames	1705209464442	1705209464901	OK	 
REQUEST		Get Specific Game	1705209464877	1705209465028	OK	 
USER	Section 7 Code	START	1705209465035
REQUEST		Get All VideoGames	1705209464597	1705209465066	OK	 
REQUEST		Get All VideoGames	1705209464691	1705209465147	OK	 
REQUEST		Get All VideoGames	1705209464722	1705209465179	OK	 
USER	Section 7 Code	START	1705209465253
REQUEST		Get Specific Game	1705209465143	1705209465300	OK	 
REQUEST		Get All VideoGames	1705209464892	1705209465342	OK	 
USER	Section 7 Code	START	1705209465424
REQUEST		Get All VideoGames	1705209465034	1705209465510	OK	 
REQUEST		Get All VideoGames	1705209465517	1705209465665	OK	 
USER	Section 7 Code	END	1705209465667
REQUEST		Get All VideoGames	1705209465252	1705209465705	OK	 
REQUEST		Get All VideoGames	1705209465423	1705209465892	OK	 
REQUEST		Get Specific Game	1705209465782	1705209465935	OK	 
REQUEST		Get All VideoGames	1705209465828	1705209465980	OK	 
USER	Section 7 Code	END	1705209465981
USER	Section 7 Code	START	1705209466125
USER	Section 7 Code	START	1705209466205
REQUEST		Get Specific Game	1705209466156	1705209466306	OK	 
USER	Section 7 Code	START	1705209466329
USER	Section 7 Code	START	1705209466468
USER	Section 7 Code	START	1705209466532
REQUEST		Get All VideoGames	1705209466124	1705209466570	OK	 
REQUEST		Get All VideoGames	1705209466204	1705209466659	OK	 
REQUEST		Get All VideoGames	1705209466561	1705209466715	OK	 
USER	Section 7 Code	END	1705209466716
REQUEST		Get All VideoGames	1705209466328	1705209466762	OK	 
USER	Section 7 Code	START	1705209466766
REQUEST		Get Specific Game	1705209466718	1705209466876	OK	 
REQUEST		Get All VideoGames	1705209466468	1705209466917	OK	 
REQUEST		Get All VideoGames	1705209466828	1705209466978	OK	 
USER	Section 7 Code	END	1705209466979
REQUEST		Get All VideoGames	1705209466531	1705209466987	OK	 
REQUEST		Get All VideoGames	1705209466906	1705209467061	OK	 
USER	Section 7 Code	END	1705209467062
REQUEST		Get All VideoGames	1705209466765	1705209467217	OK	 
REQUEST		Get Specific Game	1705209467141	1705209467292	OK	 
USER	Section 7 Code	START	1705209467519
REQUEST		Get Specific Game	1705209467689	1705209467845	OK	 
REQUEST		Get All VideoGames	1705209467518	1705209467979	OK	 
USER	Section 7 Code	START	1705209468186
USER	Section 7 Code	START	1705209468218
REQUEST		Get Specific Game	1705209468186	1705209468338	OK	 
REQUEST		Get Specific Game	1705209468373	1705209468520	OK	 
REQUEST		Get Specific Game	1705209468405	1705209468554	OK	 
REQUEST		Get All VideoGames	1705209468186	1705209468623	OK	 
REQUEST		Get All VideoGames	1705209468217	1705209468672	OK	 
REQUEST		Get All VideoGames	1705209468687	1705209468839	OK	 
USER	Section 7 Code	END	1705209468840
REQUEST		Get Specific Game	1705209468702	1705209468852	OK	 
REQUEST		Get All VideoGames	1705209468798	1705209468946	OK	 
USER	Section 7 Code	END	1705209468947
REQUEST		Get Specific Game	1705209468860	1705209469008	OK	 
REQUEST		Get Specific Game	1705209468907	1705209469059	OK	 
REQUEST		Get All VideoGames	1705209468938	1705209469090	OK	 
USER	Section 7 Code	END	1705209469091
REQUEST		Get Specific Game	1705209468953	1705209469104	OK	 
REQUEST		Get All VideoGames	1705209469095	1705209469244	OK	 
USER	Section 7 Code	END	1705209469245
REQUEST		Get Specific Game	1705209469220	1705209469367	OK	 
REQUEST		Get Specific Game	1705209469251	1705209469401	OK	 
REQUEST		Get Specific Game	1705209469284	1705209469434	OK	 
REQUEST		Get Specific Game	1705209469378	1705209469528	OK	 
REQUEST		Get All VideoGames	1705209469424	1705209469577	OK	 
USER	Section 7 Code	END	1705209469578
USER	Section 7 Code	START	1705209469733
REQUEST		Get All VideoGames	1705209469732	1705209469887	OK	 
USER	Section 7 Code	END	1705209469887
USER	Section 7 Code	START	1705209469921
REQUEST		Get Specific Game	1705209469904	1705209470056	OK	 
REQUEST		Get All VideoGames	1705209470030	1705209470181	OK	 
REQUEST		Get All VideoGames	1705209469732	1705209470181	OK	 
USER	Section 7 Code	END	1705209470181
REQUEST		Get Specific Game	1705209470077	1705209470231	OK	 
USER	Section 7 Code	START	1705209470297
REQUEST		Get Specific Game	1705209470156	1705209470307	OK	 
REQUEST		Get Specific Game	1705209470187	1705209470339	OK	 
REQUEST		Get All VideoGames	1705209469920	1705209470383	OK	 
USER	Section 7 Code	START	1705209470424
REQUEST		Get All VideoGames	1705209470312	1705209470469	OK	 
USER	Section 7 Code	END	1705209470470
REQUEST		Get Specific Game	1705209470343	1705209470492	OK	 
REQUEST		Get Specific Game	1705209470517	1705209470676	OK	 
USER	Section 7 Code	START	1705209470705
REQUEST		Get All VideoGames	1705209470297	1705209470763	OK	 
USER	Section 7 Code	START	1705209470799
REQUEST		Get Specific Game	1705209470720	1705209470871	OK	 
REQUEST		Get All VideoGames	1705209470423	1705209470878	OK	 
USER	Section 7 Code	START	1705209470893
USER	Section 7 Code	START	1705209470908
USER	Section 7 Code	START	1705209470940
REQUEST		Get Specific Game	1705209470907	1705209471063	OK	 
REQUEST		Get All VideoGames	1705209470939	1705209471092	OK	 
USER	Section 7 Code	END	1705209471093
USER	Section 7 Code	START	1705209471124
REQUEST		Get All VideoGames	1705209470705	1705209471157	OK	 
REQUEST		Get All VideoGames	1705209470798	1705209471260	OK	 
REQUEST		Get All VideoGames	1705209470892	1705209471341	OK	 
REQUEST		Get All VideoGames	1705209470907	1705209471373	OK	 
REQUEST		Get All VideoGames	1705209470939	1705209471389	OK	 
REQUEST		Get All VideoGames	1705209471311	1705209471460	OK	 
USER	Section 7 Code	END	1705209471461
REQUEST		Get All VideoGames	1705209471124	1705209471566	OK	 
REQUEST		Get Specific Game	1705209471578	1705209471726	OK	 
REQUEST		Get Specific Game	1705209471670	1705209471822	OK	 
USER	Section 7 Code	START	1705209471827
REQUEST		Get Specific Game	1705209471764	1705209471907	OK	 
REQUEST		Get All VideoGames	1705209471889	1705209472047	OK	 
USER	Section 7 Code	END	1705209472048
REQUEST		Get Specific Game	1705209471921	1705209472069	OK	 
REQUEST		Get Specific Game	1705209471998	1705209472147	OK	 
USER	Section 7 Code	START	1705209472217
USER	Section 7 Code	START	1705209472248
USER	Section 7 Code	START	1705209472252
REQUEST		Get All VideoGames	1705209471826	1705209472296	OK	 
REQUEST		Get Specific Game	1705209472232	1705209472382	OK	 
USER	Section 7 Code	START	1705209472386
REQUEST		Get All VideoGames	1705209472309	1705209472460	OK	 
USER	Section 7 Code	END	1705209472460
USER	Section 7 Code	START	1705209472527
REQUEST		Get All VideoGames	1705209472216	1705209472669	OK	 
USER	Section 7 Code	START	1705209472697
REQUEST		Get All VideoGames	1705209472248	1705209472705	OK	 
REQUEST		Get All VideoGames	1705209472252	1705209472720	OK	 
REQUEST		Get All VideoGames	1705209472386	1705209472852	OK	 
REQUEST		Get All VideoGames	1705209472526	1705209472973	OK	 
REQUEST		Get All VideoGames	1705209472853	1705209473004	OK	 
USER	Section 7 Code	END	1705209473005
REQUEST		Get All VideoGames	1705209472697	1705209473133	OK	 
REQUEST		Get Specific Game	1705209472993	1705209473141	OK	 
REQUEST		Get All VideoGames	1705209473351	1705209473504	OK	 
USER	Section 7 Code	END	1705209473505
USER	Section 7 Code	START	1705209473508
REQUEST		Get All VideoGames	1705209473523	1705209473670	OK	 
USER	Section 7 Code	END	1705209473670
REQUEST		Get All VideoGames	1705209473570	1705209473721	OK	 
USER	Section 7 Code	END	1705209473722
REQUEST		Get Specific Game	1705209473634	1705209473780	OK	 
REQUEST		Get Specific Game	1705209473681	1705209473832	OK	 
USER	Section 7 Code	START	1705209473912
REQUEST		Get All VideoGames	1705209473507	1705209473973	OK	 
USER	Section 7 Code	START	1705209473973
REQUEST		Get All VideoGames	1705209473865	1705209474015	OK	 
USER	Section 7 Code	END	1705209474016
REQUEST		Get All VideoGames	1705209474019	1705209474168	OK	 
USER	Section 7 Code	END	1705209474169
USER	Section 7 Code	START	1705209474205
REQUEST		Get All VideoGames	1705209474066	1705209474219	OK	 
USER	Section 7 Code	END	1705209474219
REQUEST		Get All VideoGames	1705209474112	1705209474261	OK	 
USER	Section 7 Code	END	1705209474262
REQUEST		Get All VideoGames	1705209473911	1705209474382	OK	 
REQUEST		Get All VideoGames	1705209473973	1705209474427	OK	 
REQUEST		Get All VideoGames	1705209474376	1705209474523	OK	 
USER	Section 7 Code	END	1705209474523
REQUEST		Get All VideoGames	1705209474406	1705209474556	OK	 
USER	Section 7 Code	END	1705209474557
REQUEST		Get All VideoGames	1705209474437	1705209474588	OK	 
USER	Section 7 Code	END	1705209474588
REQUEST		Get All VideoGames	1705209474205	1705209474653	OK	 
REQUEST		Get All VideoGames	1705209474532	1705209474682	OK	 
USER	Section 7 Code	END	1705209474683
REQUEST		Get All VideoGames	1705209475067	1705209475220	OK	 
USER	Section 7 Code	END	1705209475221
REQUEST		Get Specific Game	1705209475189	1705209475338	OK	 
REQUEST		Get All VideoGames	1705209475235	1705209475390	OK	 
USER	Section 7 Code	END	1705209475391
REQUEST		Get All VideoGames	1705209475313	1705209475465	OK	 
USER	Section 7 Code	END	1705209475465
REQUEST		Get All VideoGames	1705209475344	1705209475495	OK	 
USER	Section 7 Code	END	1705209475496
REQUEST		Get Specific Game	1705209475390	1705209475544	OK	 
REQUEST		Get All VideoGames	1705209475499	1705209475648	OK	 
USER	Section 7 Code	END	1705209475649
REQUEST		Get All VideoGames	1705209475686	1705209475845	OK	 
USER	Section 7 Code	END	1705209475846
REQUEST		Get Specific Game	1705209475764	1705209475920	OK	 
REQUEST		Get All VideoGames	1705209475874	1705209476025	OK	 
USER	Section 7 Code	END	1705209476026
REQUEST		Get Specific Game	1705209475890	1705209476041	OK	 
REQUEST		Get All VideoGames	1705209476079	1705209476235	OK	 
USER	Section 7 Code	END	1705209476236
REQUEST		Get Specific Game	1705209476171	1705209476322	OK	 
REQUEST		Get Specific Game	1705209476265	1705209476418	OK	 
REQUEST		Get Specific Game	1705209476343	1705209476493	OK	 
REQUEST		Get Specific Game	1705209476375	1705209476529	OK	 
REQUEST		Get Specific Game	1705209476390	1705209476539	OK	 
REQUEST		Get Specific Game	1705209476575	1705209476721	OK	 
REQUEST		Get All VideoGames	1705209476730	1705209476877	OK	 
USER	Section 7 Code	END	1705209476878
REQUEST		Get All VideoGames	1705209476838	1705209476988	OK	 
USER	Section 7 Code	END	1705209476989
REQUEST		Get All VideoGames	1705209476917	1705209477060	OK	 
USER	Section 7 Code	END	1705209477061
REQUEST		Get All VideoGames	1705209477075	1705209477223	OK	 
USER	Section 7 Code	END	1705209477223
REQUEST		Get All VideoGames	1705209477153	1705209477301	OK	 
USER	Section 7 Code	END	1705209477302
REQUEST		Get Specific Game	1705209477306	1705209477463	OK	 
REQUEST		Get All VideoGames	1705209477384	1705209477533	OK	 
USER	Section 7 Code	END	1705209477533
REQUEST		Get Specific Game	1705209477683	1705209477832	OK	 
REQUEST		Get Specific Game	1705209477713	1705209477864	OK	 
REQUEST		Get Specific Game	1705209477729	1705209477884	OK	 
REQUEST		Get Specific Game	1705209477854	1705209478009	OK	 
REQUEST		Get Specific Game	1705209477980	1705209478129	OK	 
REQUEST		Get Specific Game	1705209478135	1705209478280	OK	 
REQUEST		Get All VideoGames	1705209478151	1705209478300	OK	 
USER	Section 7 Code	END	1705209478301
REQUEST		Get All VideoGames	1705209478790	1705209478934	OK	 
USER	Section 7 Code	END	1705209478935
REQUEST		Get All VideoGames	1705209478837	1705209478988	OK	 
USER	Section 7 Code	END	1705209478989
REQUEST		Get Specific Game	1705209478979	1705209479132	OK	 
REQUEST		Get Specific Game	1705209479383	1705209479540	OK	 
REQUEST		Get Specific Game	1705209479430	1705209479580	OK	 
REQUEST		Get Specific Game	1705209479663	1705209479813	OK	 
REQUEST		Get All VideoGames	1705209480348	1705209480498	OK	 
USER	Section 7 Code	END	1705209480498
REQUEST		Get All VideoGames	1705209480552	1705209480706	OK	 
USER	Section 7 Code	END	1705209480706
REQUEST		Get All VideoGames	1705209480924	1705209481079	OK	 
USER	Section 7 Code	END	1705209481079
REQUEST		Get All VideoGames	1705209481051	1705209481203	OK	 
USER	Section 7 Code	END	1705209481203
REQUEST		Get All VideoGames	1705209481331	1705209481481	OK	 
USER	Section 7 Code	END	1705209481482
REQUEST		Get All VideoGames	1705209481424	1705209481577	OK	 
USER	Section 7 Code	END	1705209481578
REQUEST		Get All VideoGames	1705209481504	1705209481653	OK	 
USER	Section 7 Code	END	1705209481653
REQUEST		Get All VideoGames	1705209481535	1705209481690	OK	 
USER	Section 7 Code	END	1705209481690
REQUEST		Get All VideoGames	1705209481551	1705209481701	OK	 
USER	Section 7 Code	END	1705209481702
REQUEST		Get All VideoGames	1705209481736	1705209481882	OK	 
USER	Section 7 Code	END	1705209481883
REQUEST		Get All VideoGames	1705209482474	1705209482630	OK	 
USER	Section 7 Code	END	1705209482631
REQUEST		Get All VideoGames	1705209482836	1705209482986	OK	 
USER	Section 7 Code	END	1705209482987
REQUEST		Get All VideoGames	1705209482867	1705209483019	OK	 
USER	Section 7 Code	END	1705209483020
REQUEST		Get All VideoGames	1705209482898	1705209483055	OK	 
USER	Section 7 Code	END	1705209483055
REQUEST		Get All VideoGames	1705209483024	1705209483179	OK	 
USER	Section 7 Code	END	1705209483180
REQUEST		Get All VideoGames	1705209483133	1705209483282	OK	 
USER	Section 7 Code	END	1705209483283
REQUEST		Get All VideoGames	1705209483288	1705209483433	OK	 
USER	Section 7 Code	END	1705209483434
REQUEST		Get All VideoGames	1705209484145	1705209484300	OK	 
USER	Section 7 Code	END	1705209484301
REQUEST		Get All VideoGames	1705209484554	1705209484710	OK	 
USER	Section 7 Code	END	1705209484711
REQUEST		Get All VideoGames	1705209484584	1705209484735	OK	 
USER	Section 7 Code	END	1705209484736
REQUEST		Get All VideoGames	1705209484818	1705209484968	OK	 
USER	Section 7 Code	END	1705209484969
