RUN	videoGamedb.loadSimulation.VideoGameDBLoadSimulation02	videogamedbloadsimulation02	1705912427156	test	3.10.3
USER	Section 7 Code	START	1705912435612
REQUEST		Get All VideoGames	1705912435609	1705912436079	OK	 
USER	Section 7 Code	START	1705912436467
USER	Section 7 Code	START	1705912436794
USER	Section 7 Code	START	1705912436854
REQUEST		Get All VideoGames	1705912436465	1705912436909	OK	 
REQUEST		Get All VideoGames	1705912436792	1705912437243	OK	 
REQUEST		Get All VideoGames	1705912436854	1705912437311	OK	 
USER	Section 7 Code	START	1705912438616
REQUEST		Get All VideoGames	1705912438615	1705912439073	OK	 
USER	Section 7 Code	START	1705912439991
REQUEST		Get All VideoGames	1705912439990	1705912440455	OK	 
USER	Section 7 Code	START	1705912440596
USER	Section 7 Code	START	1705912441046
REQUEST		Get All VideoGames	1705912440595	1705912441052	OK	 
REQUEST		Get Specific Game	1705912441108	1705912441259	OK	 
REQUEST		Get All VideoGames	1705912441045	1705912441501	OK	 
USER	Section 7 Code	START	1705912441837
REQUEST		Get Specific Game	1705912441913	1705912442060	OK	 
REQUEST		Get All VideoGames	1705912441836	1705912442287	OK	 
REQUEST		Get Specific Game	1705912442253	1705912442402	OK	 
REQUEST		Get Specific Game	1705912442314	1705912442465	OK	 
USER	Section 7 Code	START	1705912442502
USER	Section 7 Code	START	1705912442658
REQUEST		Get All VideoGames	1705912442501	1705912442951	OK	 
REQUEST		Get All VideoGames	1705912442657	1705912443112	OK	 
REQUEST		Get Specific Game	1705912444085	1705912444238	OK	 
USER	Section 7 Code	START	1705912444427
USER	Section 7 Code	START	1705912444664
REQUEST		Get All VideoGames	1705912444426	1705912444881	OK	 
REQUEST		Get All VideoGames	1705912444663	1705912445113	OK	 
USER	Section 7 Code	START	1705912445537
REQUEST		Get Specific Game	1705912445459	1705912445614	OK	 
USER	Section 7 Code	START	1705912445740
USER	Section 7 Code	START	1705912445973
REQUEST		Get All VideoGames	1705912445536	1705912446001	OK	 
REQUEST		Get All VideoGames	1705912445739	1705912446193	OK	 
REQUEST		Get Specific Game	1705912446064	1705912446216	OK	 
REQUEST		Get All VideoGames	1705912446266	1705912446414	OK	 
USER	Section 7 Code	END	1705912446417
REQUEST		Get All VideoGames	1705912445972	1705912446433	OK	 
REQUEST		Get Specific Game	1705912446512	1705912446663	OK	 
USER	Section 7 Code	START	1705912446703
USER	Section 7 Code	START	1705912446750
USER	Section 7 Code	START	1705912446796
USER	Section 7 Code	START	1705912446843
USER	Section 7 Code	START	1705912446857
REQUEST		Get All VideoGames	1705912446702	1705912447160	OK	 
REQUEST		Get All VideoGames	1705912446749	1705912447211	OK	 
REQUEST		Get All VideoGames	1705912447073	1705912447219	OK	 
USER	Section 7 Code	END	1705912447220
USER	Section 7 Code	START	1705912447245
REQUEST		Get All VideoGames	1705912446795	1705912447252	OK	 
REQUEST		Get All VideoGames	1705912446842	1705912447301	OK	 
REQUEST		Get All VideoGames	1705912446857	1705912447305	OK	 
USER	Section 7 Code	START	1705912447306
REQUEST		Get Specific Game	1705912447290	1705912447439	OK	 
USER	Section 7 Code	START	1705912447445
USER	Section 7 Code	START	1705912447520
REQUEST		Get All VideoGames	1705912447412	1705912447560	OK	 
USER	Section 7 Code	END	1705912447561
REQUEST		Get All VideoGames	1705912447474	1705912447624	OK	 
USER	Section 7 Code	END	1705912447625
USER	Section 7 Code	START	1705912447676
REQUEST		Get All VideoGames	1705912447244	1705912447712	OK	 
REQUEST		Get All VideoGames	1705912447305	1705912447759	OK	 
REQUEST		Get All VideoGames	1705912447444	1705912447899	OK	 
REQUEST		Get All VideoGames	1705912447520	1705912447970	OK	 
REQUEST		Get Specific Game	1705912447953	1705912448102	OK	 
REQUEST		Get All VideoGames	1705912447676	1705912448122	OK	 
USER	Section 7 Code	START	1705912448202
REQUEST		Get Specific Game	1705912448123	1705912448273	OK	 
USER	Section 7 Code	START	1705912448371
USER	Section 7 Code	START	1705912448387
USER	Section 7 Code	START	1705912448556
USER	Section 7 Code	START	1705912448617
USER	Section 7 Code	START	1705912448633
REQUEST		Get All VideoGames	1705912448201	1705912448650	OK	 
USER	Section 7 Code	START	1705912448786
REQUEST		Get All VideoGames	1705912448386	1705912448836	OK	 
REQUEST		Get All VideoGames	1705912448371	1705912448837	OK	 
USER	Section 7 Code	START	1705912448895
USER	Section 7 Code	START	1705912448990
REQUEST		Get All VideoGames	1705912448555	1705912449019	OK	 
REQUEST		Get All VideoGames	1705912448617	1705912449064	OK	 
USER	Section 7 Code	START	1705912449069
REQUEST		Get All VideoGames	1705912448632	1705912449097	OK	 
USER	Section 7 Code	START	1705912449177
USER	Section 7 Code	START	1705912449208
REQUEST		Get All VideoGames	1705912448786	1705912449240	OK	 
REQUEST		Get All VideoGames	1705912448894	1705912449345	OK	 
REQUEST		Get All VideoGames	1705912449254	1705912449404	OK	 
USER	Section 7 Code	END	1705912449405
REQUEST		Get All VideoGames	1705912448989	1705912449440	OK	 
USER	Section 7 Code	START	1705912449471
REQUEST		Get All VideoGames	1705912449068	1705912449518	OK	 
REQUEST		Get All VideoGames	1705912449176	1705912449629	OK	 
REQUEST		Get All VideoGames	1705912449207	1705912449656	OK	 
USER	Section 7 Code	START	1705912449735
USER	Section 7 Code	START	1705912449766
USER	Section 7 Code	START	1705912449797
USER	Section 7 Code	START	1705912449844
USER	Section 7 Code	START	1705912449921
REQUEST		Get All VideoGames	1705912449471	1705912449942	OK	 
REQUEST		Get Specific Game	1705912449889	1705912450040	OK	 
REQUEST		Get All VideoGames	1705912449735	1705912450180	OK	 
REQUEST		Get All VideoGames	1705912449765	1705912450210	OK	 
REQUEST		Get All VideoGames	1705912449797	1705912450237	OK	 
REQUEST		Get Specific Game	1705912450123	1705912450272	OK	 
REQUEST		Get All VideoGames	1705912449843	1705912450288	OK	 
USER	Section 7 Code	START	1705912450375
REQUEST		Get All VideoGames	1705912449920	1705912450378	OK	 
USER	Section 7 Code	START	1705912450406
REQUEST		Get All VideoGames	1705912450626	1705912450780	OK	 
USER	Section 7 Code	END	1705912450781
REQUEST		Get All VideoGames	1705912450374	1705912450846	OK	 
REQUEST		Get All VideoGames	1705912450405	1705912450854	OK	 
USER	Section 7 Code	START	1705912450861
REQUEST		Get Specific Game	1705912451001	1705912451154	OK	 
REQUEST		Get All VideoGames	1705912450861	1705912451317	OK	 
REQUEST		Get Specific Game	1705912451204	1705912451354	OK	 
REQUEST		Get All VideoGames	1705912451219	1705912451370	OK	 
USER	Section 7 Code	END	1705912451371
REQUEST		Get Specific Game	1705912451437	1705912451591	OK	 
REQUEST		Get All VideoGames	1705912451668	1705912451818	OK	 
USER	Section 7 Code	END	1705912451820
REQUEST		Get Specific Game	1705912452163	1705912452314	OK	 
REQUEST		Get Specific Game	1705912452226	1705912452379	OK	 
REQUEST		Get Specific Game	1705912452257	1705912452408	OK	 
REQUEST		Get Specific Game	1705912452303	1705912452455	OK	 
REQUEST		Get Specific Game	1705912452319	1705912452471	OK	 
USER	Section 7 Code	START	1705912452473
USER	Section 7 Code	START	1705912452520
REQUEST		Get All VideoGames	1705912452441	1705912452591	OK	 
USER	Section 7 Code	END	1705912452592
USER	Section 7 Code	START	1705912452722
USER	Section 7 Code	START	1705912452783
USER	Section 7 Code	START	1705912452847
REQUEST		Get Specific Game	1705912452721	1705912452877	OK	 
REQUEST		Get Specific Game	1705912452768	1705912452918	OK	 
REQUEST		Get All VideoGames	1705912452473	1705912452935	OK	 
REQUEST		Get All VideoGames	1705912452519	1705912452979	OK	 
USER	Section 7 Code	START	1705912453002
REQUEST		Get Specific Game	1705912452908	1705912453059	OK	 
REQUEST		Get Specific Game	1705912452986	1705912453134	OK	 
REQUEST		Get All VideoGames	1705912452721	1705912453171	OK	 
REQUEST		Get All VideoGames	1705912452782	1705912453236	OK	 
REQUEST		Get All VideoGames	1705912453109	1705912453258	OK	 
USER	Section 7 Code	END	1705912453258
REQUEST		Get Specific Game	1705912453139	1705912453287	OK	 
REQUEST		Get All VideoGames	1705912452846	1705912453298	OK	 
USER	Section 7 Code	START	1705912453417
REQUEST		Get All VideoGames	1705912453278	1705912453428	OK	 
USER	Section 7 Code	END	1705912453429
REQUEST		Get All VideoGames	1705912453001	1705912453444	OK	 
USER	Section 7 Code	START	1705912453542
REQUEST		Get Specific Game	1705912453666	1705912453814	OK	 
REQUEST		Get All VideoGames	1705912453417	1705912453865	OK	 
REQUEST		Get Specific Game	1705912453851	1705912453999	OK	 
REQUEST		Get All VideoGames	1705912453541	1705912454001	OK	 
REQUEST		Get Specific Game	1705912453851	1705912454005	OK	 
REQUEST		Get Specific Game	1705912454026	1705912454178	OK	 
REQUEST		Get Specific Game	1705912454074	1705912454222	OK	 
REQUEST		Get Specific Game	1705912454105	1705912454259	OK	 
REQUEST		Get Specific Game	1705912454246	1705912454396	OK	 
REQUEST		Get Specific Game	1705912454357	1705912454508	OK	 
REQUEST		Get Specific Game	1705912454449	1705912454598	OK	 
REQUEST		Get Specific Game	1705912454526	1705912454674	OK	 
REQUEST		Get Specific Game	1705912454637	1705912454789	OK	 
REQUEST		Get Specific Game	1705912454668	1705912454816	OK	 
REQUEST		Get Specific Game	1705912454945	1705912455101	OK	 
REQUEST		Get All VideoGames	1705912455053	1705912455203	OK	 
USER	Section 7 Code	END	1705912455204
REQUEST		Get Specific Game	1705912455194	1705912455342	OK	 
REQUEST		Get Specific Game	1705912455225	1705912455374	OK	 
REQUEST		Get Specific Game	1705912455240	1705912455386	OK	 
REQUEST		Get All VideoGames	1705912455286	1705912455436	OK	 
USER	Section 7 Code	END	1705912455437
REQUEST		Get Specific Game	1705912455302	1705912455448	OK	 
REQUEST		Get Specific Game	1705912455380	1705912455532	OK	 
REQUEST		Get Specific Game	1705912455858	1705912456009	OK	 
REQUEST		Get Specific Game	1705912455858	1705912456018	OK	 
REQUEST		Get All VideoGames	1705912456156	1705912456309	OK	 
USER	Section 7 Code	END	1705912456310
REQUEST		Get Specific Game	1705912456328	1705912456479	OK	 
REQUEST		Get All VideoGames	1705912456359	1705912456510	OK	 
USER	Section 7 Code	END	1705912456511
REQUEST		Get All VideoGames	1705912456592	1705912456746	OK	 
USER	Section 7 Code	END	1705912456747
REQUEST		Get All VideoGames	1705912457323	1705912457473	OK	 
USER	Section 7 Code	END	1705912457473
REQUEST		Get All VideoGames	1705912457387	1705912457539	OK	 
USER	Section 7 Code	END	1705912457540
REQUEST		Get All VideoGames	1705912457417	1705912457570	OK	 
USER	Section 7 Code	END	1705912457571
REQUEST		Get All VideoGames	1705912457463	1705912457616	OK	 
USER	Section 7 Code	END	1705912457617
REQUEST		Get All VideoGames	1705912457479	1705912457628	OK	 
USER	Section 7 Code	END	1705912457630
REQUEST		Get All VideoGames	1705912457882	1705912458037	OK	 
USER	Section 7 Code	END	1705912458038
REQUEST		Get All VideoGames	1705912457927	1705912458078	OK	 
USER	Section 7 Code	END	1705912458079
REQUEST		Get Specific Game	1705912457943	1705912458097	OK	 
REQUEST		Get Specific Game	1705912457989	1705912458141	OK	 
REQUEST		Get All VideoGames	1705912458066	1705912458219	OK	 
USER	Section 7 Code	END	1705912458220
REQUEST		Get All VideoGames	1705912458144	1705912458292	OK	 
USER	Section 7 Code	END	1705912458293
REQUEST		Get Specific Game	1705912458176	1705912458325	OK	 
REQUEST		Get Specific Game	1705912458252	1705912458403	OK	 
REQUEST		Get All VideoGames	1705912458300	1705912458449	OK	 
REQUEST		Get Specific Game	1705912458300	1705912458449	OK	 
USER	Section 7 Code	END	1705912458450
REQUEST		Get Specific Game	1705912458454	1705912458602	OK	 
REQUEST		Get All VideoGames	1705912458826	1705912458974	OK	 
USER	Section 7 Code	END	1705912458975
REQUEST		Get Specific Game	1705912458873	1705912459021	OK	 
REQUEST		Get All VideoGames	1705912459014	1705912459163	OK	 
USER	Section 7 Code	END	1705912459164
REQUEST		Get Specific Game	1705912459014	1705912459166	OK	 
REQUEST		Get All VideoGames	1705912459014	1705912459166	OK	 
USER	Section 7 Code	END	1705912459167
REQUEST		Get All VideoGames	1705912459185	1705912459339	OK	 
USER	Section 7 Code	END	1705912459340
REQUEST		Get All VideoGames	1705912459232	1705912459381	OK	 
USER	Section 7 Code	END	1705912459382
REQUEST		Get All VideoGames	1705912459262	1705912459416	OK	 
USER	Section 7 Code	END	1705912459417
REQUEST		Get All VideoGames	1705912459402	1705912459552	OK	 
USER	Section 7 Code	END	1705912459553
REQUEST		Get All VideoGames	1705912459524	1705912459674	OK	 
USER	Section 7 Code	END	1705912459674
REQUEST		Get All VideoGames	1705912459603	1705912459751	OK	 
USER	Section 7 Code	END	1705912459752
REQUEST		Get All VideoGames	1705912459679	1705912459829	OK	 
USER	Section 7 Code	END	1705912459830
REQUEST		Get All VideoGames	1705912459803	1705912459953	OK	 
USER	Section 7 Code	END	1705912459954
REQUEST		Get All VideoGames	1705912459818	1705912459968	OK	 
USER	Section 7 Code	END	1705912459968
REQUEST		Get All VideoGames	1705912460113	1705912460270	OK	 
USER	Section 7 Code	END	1705912460271
REQUEST		Get All VideoGames	1705912460346	1705912460494	OK	 
USER	Section 7 Code	END	1705912460495
REQUEST		Get All VideoGames	1705912460377	1705912460524	OK	 
USER	Section 7 Code	END	1705912460525
REQUEST		Get All VideoGames	1705912460392	1705912460538	OK	 
USER	Section 7 Code	END	1705912460539
REQUEST		Get All VideoGames	1705912460454	1705912460600	OK	 
USER	Section 7 Code	END	1705912460601
REQUEST		Get All VideoGames	1705912460545	1705912460698	OK	 
USER	Section 7 Code	END	1705912460700
REQUEST		Get All VideoGames	1705912461025	1705912461180	OK	 
USER	Section 7 Code	END	1705912461181
REQUEST		Get All VideoGames	1705912461025	1705912461185	OK	 
USER	Section 7 Code	END	1705912461186
REQUEST		Get All VideoGames	1705912461490	1705912461642	OK	 
USER	Section 7 Code	END	1705912461643
REQUEST		Get All VideoGames	1705912463098	1705912463252	OK	 
USER	Section 7 Code	END	1705912463252
REQUEST		Get All VideoGames	1705912463143	1705912463296	OK	 
USER	Section 7 Code	END	1705912463297
REQUEST		Get All VideoGames	1705912463332	1705912463480	OK	 
USER	Section 7 Code	END	1705912463480
REQUEST		Get All VideoGames	1705912463410	1705912463561	OK	 
USER	Section 7 Code	END	1705912463562
REQUEST		Get All VideoGames	1705912463457	1705912463605	OK	 
USER	Section 7 Code	END	1705912463606
REQUEST		Get All VideoGames	1705912463613	1705912463760	OK	 
USER	Section 7 Code	END	1705912463761
REQUEST		Get All VideoGames	1705912464033	1705912464181	OK	 
USER	Section 7 Code	END	1705912464182
REQUEST		Get All VideoGames	1705912464172	1705912464325	OK	 
USER	Section 7 Code	END	1705912464326
