RUN	videoGamedb.loadSimulation.VideoGameDBLoadSimulation	videogamedbloadsimulation	1705207927095	test	3.10.3
USER	Section 7 Code	START	1705207933840
USER	Section 7 Code	START	1705207933840
USER	Section 7 Code	START	1705207933840
USER	Section 7 Code	START	1705207933840
USER	Section 7 Code	START	1705207933840
USER	Section 7 Code	START	1705207933840
REQUEST		Get All VideoGames	1705207933838	1705207934289	KO	status.find.in([200, 209], 304), found 500
REQUEST		Get All VideoGames	1705207933838	1705207934303	KO	status.find.in([200, 209], 304), found 500
REQUEST		Get All VideoGames	1705207933838	1705207934305	KO	status.find.in([200, 209], 304), found 500
REQUEST		Get All VideoGames	1705207933838	1705207934308	KO	status.find.in([200, 209], 304), found 500
REQUEST		Get All VideoGames	1705207933838	1705207934308	KO	status.find.in([200, 209], 304), found 500
REQUEST		Get All VideoGames	1705207933838	1705207934314	KO	status.find.in([200, 209], 304), found 500
USER	Section 7 Code	START	1705207935811
REQUEST		Get All VideoGames	1705207935810	1705207936263	KO	status.find.in([200, 209], 304), found 500
USER	Section 7 Code	START	1705207937801
REQUEST		Get All VideoGames	1705207937800	1705207938253	KO	status.find.in([200, 209], 304), found 500
USER	Section 7 Code	START	1705207939800
REQUEST		Get Specific Game	1705207939314	1705207939883	KO	status.find.in([200, 209], 304), found 404
REQUEST		Get Specific Game	1705207939314	1705207939884	KO	status.find.in([200, 209], 304), found 404
REQUEST		Get Specific Game	1705207939314	1705207939885	KO	status.find.in([200, 209], 304), found 404
REQUEST		Get Specific Game	1705207939314	1705207939886	KO	status.find.in([200, 209], 304), found 404
REQUEST		Get Specific Game	1705207939314	1705207939887	KO	status.find.in([200, 209], 304), found 404
REQUEST		Get Specific Game	1705207939329	1705207939888	KO	status.find.in([200, 209], 304), found 404
REQUEST		Get All VideoGames	1705207939799	1705207940257	KO	status.find.in([200, 209], 304), found 500
REQUEST		Get Specific Game	1705207941265	1705207941724	KO	status.find.in([200, 209], 304), found 404
USER	Section 7 Code	START	1705207941799
REQUEST		Get All VideoGames	1705207941798	1705207942262	KO	status.find.in([200, 209], 304), found 500
REQUEST		Get Specific Game	1705207943264	1705207943722	KO	status.find.in([200, 209], 304), found 404
USER	Section 7 Code	START	1705207943813
REQUEST		Get All VideoGames	1705207943813	1705207944285	KO	status.find.in([200, 209], 304), found 500
REQUEST		Get All VideoGames	1705207944897	1705207945047	KO	status.find.in([200, 209], 304), found 500
REQUEST		Get All VideoGames	1705207944897	1705207945047	KO	status.find.in([200, 209], 304), found 500
USER	Section 7 Code	END	1705207945048
USER	Section 7 Code	END	1705207945048
REQUEST		Get All VideoGames	1705207944897	1705207945051	KO	status.find.in([200, 209], 304), found 500
REQUEST		Get All VideoGames	1705207944897	1705207945051	KO	status.find.in([200, 209], 304), found 500
REQUEST		Get All VideoGames	1705207944897	1705207945052	KO	status.find.in([200, 209], 304), found 500
USER	Section 7 Code	END	1705207945052
USER	Section 7 Code	END	1705207945052
USER	Section 7 Code	END	1705207945052
REQUEST		Get All VideoGames	1705207944897	1705207945053	KO	status.find.in([200, 209], 304), found 500
USER	Section 7 Code	END	1705207945053
REQUEST		Get Specific Game	1705207945272	1705207945728	KO	status.find.in([200, 209], 304), found 404
USER	Section 7 Code	START	1705207945802
REQUEST		Get All VideoGames	1705207945801	1705207946264	KO	status.find.in([200, 209], 304), found 500
REQUEST		Get All VideoGames	1705207946739	1705207946892	KO	status.find.in([200, 209], 304), found 500
USER	Section 7 Code	END	1705207946892
REQUEST		Get Specific Game	1705207947268	1705207947718	KO	status.find.in([200, 209], 304), found 404
USER	Section 7 Code	START	1705207947801
REQUEST		Get All VideoGames	1705207947801	1705207948252	KO	status.find.in([200, 209], 304), found 500
REQUEST		Get All VideoGames	1705207948736	1705207948889	KO	status.find.in([200, 209], 304), found 500
USER	Section 7 Code	END	1705207948889
REQUEST		Get Specific Game	1705207949301	1705207949747	KO	status.find.in([200, 209], 304), found 404
USER	Section 7 Code	START	1705207949802
REQUEST		Get All VideoGames	1705207949801	1705207950250	KO	status.find.in([200, 209], 304), found 500
REQUEST		Get All VideoGames	1705207950740	1705207950892	KO	status.find.in([200, 209], 304), found 500
USER	Section 7 Code	END	1705207950893
USER	Section 7 Code	START	1705207951812
REQUEST		Get Specific Game	1705207951273	1705207951831	KO	status.find.in([200, 209], 304), found 404
REQUEST		Get All VideoGames	1705207951811	1705207952265	KO	status.find.in([200, 209], 304), found 500
REQUEST		Get All VideoGames	1705207952727	1705207952878	KO	status.find.in([200, 209], 304), found 500
USER	Section 7 Code	END	1705207952878
REQUEST		Get Specific Game	1705207953254	1705207953704	KO	status.find.in([200, 209], 304), found 404
REQUEST		Get All VideoGames	1705207954762	1705207954911	KO	status.find.in([200, 209], 304), found 500
USER	Section 7 Code	END	1705207954911
REQUEST		Get Specific Game	1705207955262	1705207955721	KO	status.find.in([200, 209], 304), found 404
REQUEST		Get All VideoGames	1705207956845	1705207956993	KO	status.find.in([200, 209], 304), found 500
USER	Section 7 Code	END	1705207956994
REQUEST		Get Specific Game	1705207957267	1705207957849	KO	status.find.in([200, 209], 304), found 404
REQUEST		Get All VideoGames	1705207958719	1705207958870	KO	status.find.in([200, 209], 304), found 500
USER	Section 7 Code	END	1705207958870
REQUEST		Get All VideoGames	1705207960735	1705207960888	KO	status.find.in([200, 209], 304), found 500
USER	Section 7 Code	END	1705207960888
REQUEST		Get All VideoGames	1705207962858	1705207963012	KO	status.find.in([200, 209], 304), found 500
USER	Section 7 Code	END	1705207963012
