RUN	videoGamedb.loadSimulation.VideoGameDBLoadSimulation	videogamedbloadsimulation	1705208156459	test	3.10.3
USER	Section 7 Code	START	1705208163123
USER	Section 7 Code	START	1705208163123
USER	Section 7 Code	START	1705208163123
USER	Section 7 Code	START	1705208163123
USER	Section 7 Code	START	1705208163123
USER	Section 7 Code	START	1705208163123
REQUEST		Get All VideoGames	1705208163120	1705208163576	KO	status.find.in([200, 209], 304), found 500
REQUEST		Get All VideoGames	1705208163120	1705208163592	KO	status.find.in([200, 209], 304), found 500
REQUEST		Get All VideoGames	1705208163120	1705208163597	KO	status.find.in([200, 209], 304), found 500
REQUEST		Get All VideoGames	1705208163120	1705208163601	KO	status.find.in([200, 209], 304), found 500
REQUEST		Get All VideoGames	1705208163120	1705208163602	KO	status.find.in([200, 209], 304), found 500
REQUEST		Get All VideoGames	1705208163120	1705208163602	KO	status.find.in([200, 209], 304), found 500
USER	Section 7 Code	START	1705208165090
REQUEST		Get All VideoGames	1705208165090	1705208165556	KO	status.find.in([200, 209], 304), found 500
USER	Section 7 Code	START	1705208167108
REQUEST		Get All VideoGames	1705208167108	1705208167565	KO	status.find.in([200, 209], 304), found 500
USER	Section 7 Code	START	1705208169092
REQUEST		Get Specific Game	1705208168606	1705208169182	KO	status.find.in([200, 209], 304), found 404
REQUEST		Get Specific Game	1705208168606	1705208169182	KO	status.find.in([200, 209], 304), found 404
REQUEST		Get Specific Game	1705208168591	1705208169183	KO	status.find.in([200, 209], 304), found 404
REQUEST		Get Specific Game	1705208168606	1705208169184	KO	status.find.in([200, 209], 304), found 404
REQUEST		Get Specific Game	1705208168606	1705208169185	KO	status.find.in([200, 209], 304), found 404
REQUEST		Get Specific Game	1705208168606	1705208169186	KO	status.find.in([200, 209], 304), found 404
REQUEST		Get All VideoGames	1705208169091	1705208169552	KO	status.find.in([200, 209], 304), found 500
REQUEST		Get Specific Game	1705208170559	1705208171009	KO	status.find.in([200, 209], 304), found 404
USER	Section 7 Code	START	1705208171104
REQUEST		Get All VideoGames	1705208171103	1705208171567	KO	status.find.in([200, 209], 304), found 500
REQUEST		Get Specific Game	1705208172570	1705208173023	KO	status.find.in([200, 209], 304), found 404
USER	Section 7 Code	START	1705208173103
REQUEST		Get All VideoGames	1705208173102	1705208173566	KO	status.find.in([200, 209], 304), found 500
REQUEST		Get All VideoGames	1705208174197	1705208174348	KO	status.find.in([200, 209], 304), found 500
USER	Section 7 Code	END	1705208174349
REQUEST		Get All VideoGames	1705208174197	1705208174350	KO	status.find.in([200, 209], 304), found 500
USER	Section 7 Code	END	1705208174350
REQUEST		Get All VideoGames	1705208174197	1705208174350	KO	status.find.in([200, 209], 304), found 500
USER	Section 7 Code	END	1705208174350
REQUEST		Get All VideoGames	1705208174197	1705208174351	KO	status.find.in([200, 209], 304), found 500
USER	Section 7 Code	END	1705208174351
REQUEST		Get All VideoGames	1705208174197	1705208174352	KO	status.find.in([200, 209], 304), found 500
USER	Section 7 Code	END	1705208174352
REQUEST		Get All VideoGames	1705208174197	1705208174354	KO	status.find.in([200, 209], 304), found 500
USER	Section 7 Code	END	1705208174354
REQUEST		Get Specific Game	1705208174556	1705208174994	KO	status.find.in([200, 209], 304), found 404
USER	Section 7 Code	START	1705208175101
REQUEST		Get All VideoGames	1705208175100	1705208175567	KO	status.find.in([200, 209], 304), found 500
REQUEST		Get All VideoGames	1705208176019	1705208176170	KO	status.find.in([200, 209], 304), found 500
USER	Section 7 Code	END	1705208176170
REQUEST		Get Specific Game	1705208176580	1705208177038	KO	status.find.in([200, 209], 304), found 404
USER	Section 7 Code	START	1705208177091
REQUEST		Get All VideoGames	1705208177091	1705208177553	KO	status.find.in([200, 209], 304), found 500
REQUEST		Get All VideoGames	1705208178028	1705208178175	KO	status.find.in([200, 209], 304), found 500
USER	Section 7 Code	END	1705208178176
REQUEST		Get Specific Game	1705208178574	1705208179040	KO	status.find.in([200, 209], 304), found 404
USER	Section 7 Code	START	1705208179103
REQUEST		Get All VideoGames	1705208179102	1705208179547	KO	status.find.in([200, 209], 304), found 500
REQUEST		Get All VideoGames	1705208180008	1705208180154	KO	status.find.in([200, 209], 304), found 500
USER	Section 7 Code	END	1705208180155
USER	Section 7 Code	START	1705208181100
REQUEST		Get Specific Game	1705208180569	1705208181121	KO	status.find.in([200, 209], 304), found 404
REQUEST		Get All VideoGames	1705208181099	1705208181566	KO	status.find.in([200, 209], 304), found 500
REQUEST		Get All VideoGames	1705208182051	1705208182205	KO	status.find.in([200, 209], 304), found 500
USER	Section 7 Code	END	1705208182205
REQUEST		Get Specific Game	1705208182565	1705208183015	KO	status.find.in([200, 209], 304), found 404
REQUEST		Get All VideoGames	1705208184046	1705208184201	KO	status.find.in([200, 209], 304), found 500
USER	Section 7 Code	END	1705208184202
REQUEST		Get Specific Game	1705208184562	1705208185015	KO	status.find.in([200, 209], 304), found 404
REQUEST		Get All VideoGames	1705208186123	1705208186271	KO	status.find.in([200, 209], 304), found 500
USER	Section 7 Code	END	1705208186272
REQUEST		Get Specific Game	1705208186577	1705208187033	KO	status.find.in([200, 209], 304), found 404
REQUEST		Get All VideoGames	1705208188029	1705208188180	KO	status.find.in([200, 209], 304), found 500
USER	Section 7 Code	END	1705208188180
REQUEST		Get All VideoGames	1705208190024	1705208190172	KO	status.find.in([200, 209], 304), found 500
USER	Section 7 Code	END	1705208190172
REQUEST		Get All VideoGames	1705208192036	1705208192188	KO	status.find.in([200, 209], 304), found 500
USER	Section 7 Code	END	1705208192189
