RUN	videoGamedb.loadSimulation.VideoGameDBLoadSimulation02	videogamedbloadsimulation02	1705208949308	test	3.10.3
USER	Section 7 Code	START	1705208956290
USER	Section 7 Code	START	1705208956475
USER	Section 7 Code	START	1705208956675
REQUEST		Get All VideoGames	1705208956289	1705208956752	OK	 
USER	Section 7 Code	START	1705208956878
REQUEST		Get All VideoGames	1705208956474	1705208956916	OK	 
USER	Section 7 Code	START	1705208957082
REQUEST		Get All VideoGames	1705208956675	1705208957144	OK	 
USER	Section 7 Code	START	1705208957269
REQUEST		Get All VideoGames	1705208956877	1705208957334	OK	 
USER	Section 7 Code	START	1705208957472
REQUEST		Get All VideoGames	1705208957081	1705208957534	OK	 
USER	Section 7 Code	START	1705208957675
REQUEST		Get All VideoGames	1705208957268	1705208957728	OK	 
USER	Section 7 Code	START	1705208957876
REQUEST		Get All VideoGames	1705208957471	1705208957927	OK	 
USER	Section 7 Code	START	1705208958079
REQUEST		Get All VideoGames	1705208957674	1705208958113	OK	 
USER	Section 7 Code	START	1705208958282
REQUEST		Get All VideoGames	1705208957876	1705208958332	OK	 
USER	Section 7 Code	START	1705208958470
REQUEST		Get All VideoGames	1705208958078	1705208958537	OK	 
USER	Section 7 Code	START	1705208958673
REQUEST		Get All VideoGames	1705208958282	1705208958750	OK	 
USER	Section 7 Code	START	1705208958878
REQUEST		Get All VideoGames	1705208958470	1705208958922	OK	 
USER	Section 7 Code	START	1705208959079
REQUEST		Get All VideoGames	1705208958673	1705208959148	OK	 
USER	Section 7 Code	START	1705208959282
REQUEST		Get All VideoGames	1705208958877	1705208959347	OK	 
USER	Section 7 Code	START	1705208959469
REQUEST		Get All VideoGames	1705208959078	1705208959526	OK	 
USER	Section 7 Code	START	1705208959673
REQUEST		Get All VideoGames	1705208959281	1705208959756	OK	 
USER	Section 7 Code	START	1705208959876
REQUEST		Get All VideoGames	1705208959469	1705208959916	OK	 
USER	Section 7 Code	START	1705208960079
REQUEST		Get All VideoGames	1705208959672	1705208960128	OK	 
USER	Section 7 Code	START	1705208960282
REQUEST		Get All VideoGames	1705208959876	1705208960324	OK	 
USER	Section 7 Code	START	1705208960468
REQUEST		Get All VideoGames	1705208960078	1705208960547	OK	 
USER	Section 7 Code	START	1705208960672
REQUEST		Get All VideoGames	1705208960281	1705208960742	OK	 
USER	Section 7 Code	START	1705208960874
REQUEST		Get All VideoGames	1705208960468	1705208960926	OK	 
USER	Section 7 Code	START	1705208961078
REQUEST		Get All VideoGames	1705208960671	1705208961115	OK	 
USER	Section 7 Code	START	1705208961282
REQUEST		Get All VideoGames	1705208960873	1705208961326	OK	 
USER	Section 7 Code	START	1705208961469
REQUEST		Get All VideoGames	1705208961078	1705208961539	OK	 
USER	Section 7 Code	START	1705208961672
REQUEST		Get All VideoGames	1705208961282	1705208961734	OK	 
USER	Section 7 Code	START	1705208961875
REQUEST		Get All VideoGames	1705208961468	1705208961911	OK	 
REQUEST		Get Specific Game	1705208961764	1705208961914	OK	 
REQUEST		Get Specific Game	1705208961919	1705208962065	OK	 
USER	Section 7 Code	START	1705208962074
REQUEST		Get All VideoGames	1705208961671	1705208962119	OK	 
USER	Section 7 Code	START	1705208962278
REQUEST		Get Specific Game	1705208962152	1705208962307	OK	 
REQUEST		Get All VideoGames	1705208961874	1705208962325	OK	 
USER	Section 7 Code	START	1705208962478
REQUEST		Get Specific Game	1705208962340	1705208962492	OK	 
REQUEST		Get All VideoGames	1705208962074	1705208962551	OK	 
USER	Section 7 Code	START	1705208962682
REQUEST		Get Specific Game	1705208962540	1705208962688	OK	 
REQUEST		Get All VideoGames	1705208962278	1705208962740	OK	 
USER	Section 7 Code	START	1705208962884
REQUEST		Get Specific Game	1705208962743	1705208962895	OK	 
REQUEST		Get All VideoGames	1705208962478	1705208962951	OK	 
USER	Section 7 Code	START	1705208963071
REQUEST		Get Specific Game	1705208962930	1705208963080	OK	 
REQUEST		Get All VideoGames	1705208962682	1705208963126	OK	 
REQUEST		Get Specific Game	1705208963117	1705208963263	OK	 
USER	Section 7 Code	START	1705208963275
REQUEST		Get All VideoGames	1705208962883	1705208963331	OK	 
USER	Section 7 Code	START	1705208963478
REQUEST		Get Specific Game	1705208963337	1705208963488	OK	 
REQUEST		Get All VideoGames	1705208963070	1705208963534	OK	 
USER	Section 7 Code	START	1705208963667
REQUEST		Get Specific Game	1705208963539	1705208963693	OK	 
REQUEST		Get All VideoGames	1705208963274	1705208963747	OK	 
USER	Section 7 Code	START	1705208963870
REQUEST		Get Specific Game	1705208963760	1705208963912	OK	 
REQUEST		Get All VideoGames	1705208963478	1705208963926	OK	 
USER	Section 7 Code	START	1705208964074
REQUEST		Get Specific Game	1705208963932	1705208964081	OK	 
REQUEST		Get All VideoGames	1705208963666	1705208964113	OK	 
USER	Section 7 Code	START	1705208964276
REQUEST		Get Specific Game	1705208964150	1705208964308	OK	 
REQUEST		Get All VideoGames	1705208963870	1705208964328	OK	 
USER	Section 7 Code	START	1705208964481
REQUEST		Get Specific Game	1705208964354	1705208964508	OK	 
REQUEST		Get All VideoGames	1705208964073	1705208964533	OK	 
USER	Section 7 Code	START	1705208964669
REQUEST		Get Specific Game	1705208964527	1705208964675	OK	 
REQUEST		Get All VideoGames	1705208964276	1705208964721	OK	 
USER	Section 7 Code	START	1705208964872
REQUEST		Get Specific Game	1705208964763	1705208964919	OK	 
REQUEST		Get All VideoGames	1705208964480	1705208964936	OK	 
USER	Section 7 Code	START	1705208965073
REQUEST		Get Specific Game	1705208964932	1705208965080	OK	 
REQUEST		Get All VideoGames	1705208964669	1705208965119	OK	 
USER	Section 7 Code	START	1705208965275
REQUEST		Get Specific Game	1705208965133	1705208965283	OK	 
REQUEST		Get All VideoGames	1705208964871	1705208965328	OK	 
USER	Section 7 Code	START	1705208965478
REQUEST		Get Specific Game	1705208965338	1705208965486	OK	 
REQUEST		Get All VideoGames	1705208965072	1705208965515	OK	 
USER	Section 7 Code	START	1705208965681
REQUEST		Get Specific Game	1705208965556	1705208965712	OK	 
REQUEST		Get All VideoGames	1705208965274	1705208965718	OK	 
USER	Section 7 Code	START	1705208965868
REQUEST		Get Specific Game	1705208965758	1705208965910	OK	 
REQUEST		Get All VideoGames	1705208965477	1705208965929	OK	 
USER	Section 7 Code	START	1705208966072
REQUEST		Get Specific Game	1705208965931	1705208966083	OK	 
REQUEST		Get All VideoGames	1705208965680	1705208966130	OK	 
REQUEST		Get Specific Game	1705208966118	1705208966264	OK	 
REQUEST		Get All VideoGames	1705208965868	1705208966323	OK	 
REQUEST		Get Specific Game	1705208966337	1705208966484	OK	 
REQUEST		Get All VideoGames	1705208966071	1705208966531	OK	 
REQUEST		Get Specific Game	1705208966542	1705208966695	OK	 
REQUEST		Get Specific Game	1705208966742	1705208966892	OK	 
REQUEST		Get Specific Game	1705208966913	1705208967059	OK	 
REQUEST		Get All VideoGames	1705208966929	1705208967077	OK	 
USER	Section 7 Code	END	1705208967079
REQUEST		Get All VideoGames	1705208967070	1705208967216	OK	 
USER	Section 7 Code	END	1705208967217
REQUEST		Get Specific Game	1705208967132	1705208967279	OK	 
REQUEST		Get All VideoGames	1705208967317	1705208967472	OK	 
USER	Section 7 Code	END	1705208967473
REQUEST		Get Specific Game	1705208967333	1705208967483	OK	 
REQUEST		Get All VideoGames	1705208967507	1705208967657	OK	 
USER	Section 7 Code	END	1705208967658
REQUEST		Get Specific Game	1705208967554	1705208967713	OK	 
REQUEST		Get All VideoGames	1705208967693	1705208967843	OK	 
USER	Section 7 Code	END	1705208967843
REQUEST		Get Specific Game	1705208967756	1705208967913	OK	 
REQUEST		Get All VideoGames	1705208967910	1705208968063	OK	 
USER	Section 7 Code	END	1705208968064
REQUEST		Get Specific Game	1705208967958	1705208968114	OK	 
REQUEST		Get All VideoGames	1705208968082	1705208968232	OK	 
USER	Section 7 Code	END	1705208968233
REQUEST		Get Specific Game	1705208968128	1705208968276	OK	 
REQUEST		Get All VideoGames	1705208968270	1705208968415	OK	 
USER	Section 7 Code	END	1705208968416
REQUEST		Get Specific Game	1705208968332	1705208968480	OK	 
REQUEST		Get All VideoGames	1705208968504	1705208968655	OK	 
USER	Section 7 Code	END	1705208968656
REQUEST		Get Specific Game	1705208968536	1705208968690	OK	 
REQUEST		Get All VideoGames	1705208968706	1705208968858	OK	 
USER	Section 7 Code	END	1705208968858
REQUEST		Get Specific Game	1705208968753	1705208968911	OK	 
REQUEST		Get All VideoGames	1705208968927	1705208969078	OK	 
USER	Section 7 Code	END	1705208969079
REQUEST		Get Specific Game	1705208968942	1705208969091	OK	 
REQUEST		Get All VideoGames	1705208969083	1705208969233	OK	 
USER	Section 7 Code	END	1705208969234
REQUEST		Get Specific Game	1705208969114	1705208969264	OK	 
REQUEST		Get All VideoGames	1705208969318	1705208969475	OK	 
USER	Section 7 Code	END	1705208969476
REQUEST		Get Specific Game	1705208969333	1705208969485	OK	 
REQUEST		Get All VideoGames	1705208969521	1705208969677	OK	 
USER	Section 7 Code	END	1705208969678
REQUEST		Get Specific Game	1705208969537	1705208969690	OK	 
REQUEST		Get All VideoGames	1705208969678	1705208969826	OK	 
USER	Section 7 Code	END	1705208969827
REQUEST		Get Specific Game	1705208969726	1705208969873	OK	 
REQUEST		Get All VideoGames	1705208969927	1705208970085	OK	 
USER	Section 7 Code	END	1705208970086
REQUEST		Get Specific Game	1705208969943	1705208970094	OK	 
REQUEST		Get All VideoGames	1705208970083	1705208970232	OK	 
USER	Section 7 Code	END	1705208970233
REQUEST		Get Specific Game	1705208970130	1705208970278	OK	 
REQUEST		Get All VideoGames	1705208970299	1705208970449	OK	 
USER	Section 7 Code	END	1705208970450
REQUEST		Get Specific Game	1705208970329	1705208970481	OK	 
REQUEST		Get All VideoGames	1705208970501	1705208970651	OK	 
USER	Section 7 Code	END	1705208970652
REQUEST		Get Specific Game	1705208970531	1705208970678	OK	 
REQUEST		Get All VideoGames	1705208970717	1705208970874	OK	 
USER	Section 7 Code	END	1705208970874
REQUEST		Get Specific Game	1705208970733	1705208970879	OK	 
REQUEST		Get All VideoGames	1705208970920	1705208971072	OK	 
USER	Section 7 Code	END	1705208971072
REQUEST		Get Specific Game	1705208970935	1705208971085	OK	 
REQUEST		Get All VideoGames	1705208971091	1705208971243	OK	 
USER	Section 7 Code	END	1705208971244
REQUEST		Get Specific Game	1705208971139	1705208971287	OK	 
REQUEST		Get All VideoGames	1705208971279	1705208971426	OK	 
USER	Section 7 Code	END	1705208971427
REQUEST		Get Specific Game	1705208971326	1705208971476	OK	 
REQUEST		Get All VideoGames	1705208971495	1705208971643	OK	 
USER	Section 7 Code	END	1705208971643
REQUEST		Get Specific Game	1705208971543	1705208971696	OK	 
REQUEST		Get All VideoGames	1705208971700	1705208971855	OK	 
USER	Section 7 Code	END	1705208971856
REQUEST		Get All VideoGames	1705208971904	1705208972053	OK	 
USER	Section 7 Code	END	1705208972054
REQUEST		Get All VideoGames	1705208972075	1705208972221	OK	 
USER	Section 7 Code	END	1705208972222
REQUEST		Get All VideoGames	1705208972293	1705208972441	OK	 
USER	Section 7 Code	END	1705208972442
REQUEST		Get All VideoGames	1705208972497	1705208972645	OK	 
USER	Section 7 Code	END	1705208972646
REQUEST		Get All VideoGames	1705208972715	1705208972873	OK	 
USER	Section 7 Code	END	1705208972873
REQUEST		Get All VideoGames	1705208972918	1705208973071	OK	 
USER	Section 7 Code	END	1705208973072
REQUEST		Get All VideoGames	1705208973120	1705208973278	OK	 
USER	Section 7 Code	END	1705208973278
REQUEST		Get All VideoGames	1705208973292	1705208973440	OK	 
USER	Section 7 Code	END	1705208973441
REQUEST		Get All VideoGames	1705208973496	1705208973644	OK	 
USER	Section 7 Code	END	1705208973645
REQUEST		Get All VideoGames	1705208973698	1705208973855	OK	 
USER	Section 7 Code	END	1705208973855
REQUEST		Get All VideoGames	1705208973917	1705208974073	OK	 
USER	Section 7 Code	END	1705208974074
REQUEST		Get All VideoGames	1705208974104	1705208974252	OK	 
USER	Section 7 Code	END	1705208974252
REQUEST		Get All VideoGames	1705208974275	1705208974425	OK	 
USER	Section 7 Code	END	1705208974426
REQUEST		Get All VideoGames	1705208974491	1705208974645	OK	 
USER	Section 7 Code	END	1705208974646
REQUEST		Get All VideoGames	1705208974694	1705208974848	OK	 
USER	Section 7 Code	END	1705208974849
REQUEST		Get All VideoGames	1705208974880	1705208975029	OK	 
USER	Section 7 Code	END	1705208975030
REQUEST		Get All VideoGames	1705208975099	1705208975251	OK	 
USER	Section 7 Code	END	1705208975252
REQUEST		Get All VideoGames	1705208975285	1705208975438	OK	 
USER	Section 7 Code	END	1705208975439
REQUEST		Get All VideoGames	1705208975490	1705208975641	OK	 
USER	Section 7 Code	END	1705208975642
REQUEST		Get All VideoGames	1705208975693	1705208975840	OK	 
USER	Section 7 Code	END	1705208975841
REQUEST		Get All VideoGames	1705208975880	1705208976027	OK	 
USER	Section 7 Code	END	1705208976028
REQUEST		Get All VideoGames	1705208976098	1705208976249	OK	 
USER	Section 7 Code	END	1705208976249
REQUEST		Get All VideoGames	1705208976300	1705208976450	OK	 
USER	Section 7 Code	END	1705208976450
REQUEST		Get All VideoGames	1705208976488	1705208976639	OK	 
USER	Section 7 Code	END	1705208976639
REQUEST		Get All VideoGames	1705208976708	1705208976861	OK	 
USER	Section 7 Code	END	1705208976861
