RUN	videoGamedb.loadSimulation.VideoGameDBLoadSimulation02	videogamedbloadsimulation02	1705209333625	test	3.10.3
USER	Section 7 Code	START	1705209340616
REQUEST		Get All VideoGames	1705209340615	1705209341065	OK	 
USER	Section 7 Code	START	1705209341581
REQUEST		Get All VideoGames	1705209341581	1705209342048	OK	 
USER	Section 7 Code	START	1705209342593
REQUEST		Get All VideoGames	1705209342592	1705209343054	OK	 
USER	Section 7 Code	START	1705209343589
REQUEST		Get All VideoGames	1705209343589	1705209344041	OK	 
USER	Section 7 Code	START	1705209344089
REQUEST		Get All VideoGames	1705209344089	1705209344550	OK	 
USER	Section 7 Code	START	1705209344589
REQUEST		Get All VideoGames	1705209344588	1705209345054	OK	 
USER	Section 7 Code	START	1705209345092
REQUEST		Get All VideoGames	1705209345091	1705209345584	OK	 
USER	Section 7 Code	START	1705209345594
REQUEST		Get All VideoGames	1705209345593	1705209346035	OK	 
USER	Section 7 Code	START	1705209346092
REQUEST		Get Specific Game	1705209346075	1705209346222	OK	 
REQUEST		Get All VideoGames	1705209346091	1705209346541	OK	 
USER	Section 7 Code	START	1705209346581
REQUEST		Get All VideoGames	1705209346580	1705209347024	OK	 
USER	Section 7 Code	START	1705209347079
REQUEST		Get Specific Game	1705209347063	1705209347216	OK	 
REQUEST		Get All VideoGames	1705209347079	1705209347546	OK	 
USER	Section 7 Code	START	1705209347579
USER	Section 7 Code	START	1705209347921
REQUEST		Get All VideoGames	1705209347578	1705209348026	OK	 
REQUEST		Get Specific Game	1705209348061	1705209348213	OK	 
USER	Section 7 Code	START	1705209348250
REQUEST		Get All VideoGames	1705209347920	1705209348383	OK	 
USER	Section 7 Code	START	1705209348579
REQUEST		Get All VideoGames	1705209348249	1705209348696	OK	 
USER	Section 7 Code	START	1705209348923
REQUEST		Get All VideoGames	1705209348578	1705209349056	OK	 
REQUEST		Get Specific Game	1705209349047	1705209349197	OK	 
USER	Section 7 Code	START	1705209349251
REQUEST		Get All VideoGames	1705209348923	1705209349373	OK	 
USER	Section 7 Code	START	1705209349578
REQUEST		Get All VideoGames	1705209349250	1705209349701	OK	 
REQUEST		Get Specific Game	1705209349562	1705209349706	OK	 
USER	Section 7 Code	START	1705209349922
REQUEST		Get All VideoGames	1705209349577	1705209350030	OK	 
REQUEST		Get Specific Game	1705209350063	1705209350217	OK	 
USER	Section 7 Code	START	1705209350255
REQUEST		Get All VideoGames	1705209349921	1705209350378	OK	 
USER	Section 7 Code	START	1705209350583
REQUEST		Get All VideoGames	1705209350254	1705209350707	OK	 
REQUEST		Get Specific Game	1705209350599	1705209350757	OK	 
USER	Section 7 Code	START	1705209350911
REQUEST		Get All VideoGames	1705209350583	1705209351031	OK	 
REQUEST		Get Specific Game	1705209351050	1705209351197	OK	 
USER	Section 7 Code	START	1705209351253
REQUEST		Get All VideoGames	1705209351236	1705209351384	OK	 
USER	Section 7 Code	END	1705209351386
REQUEST		Get All VideoGames	1705209350910	1705209351390	OK	 
USER	Section 7 Code	START	1705209351592
REQUEST		Get Specific Game	1705209351544	1705209351693	OK	 
REQUEST		Get All VideoGames	1705209351253	1705209351703	OK	 
USER	Section 7 Code	START	1705209351919
REQUEST		Get All VideoGames	1705209351592	1705209352042	OK	 
REQUEST		Get Specific Game	1705209352026	1705209352173	OK	 
USER	Section 7 Code	START	1705209352244
REQUEST		Get All VideoGames	1705209351919	1705209352379	OK	 
REQUEST		Get All VideoGames	1705209352228	1705209352381	OK	 
USER	Section 7 Code	END	1705209352382
USER	Section 7 Code	START	1705209352590
REQUEST		Get All VideoGames	1705209352244	1705209352705	OK	 
REQUEST		Get Specific Game	1705209352558	1705209352711	OK	 
USER	Section 7 Code	START	1705209352921
REQUEST		Get All VideoGames	1705209352590	1705209353047	OK	 
REQUEST		Get Specific Game	1705209353028	1705209353181	OK	 
USER	Section 7 Code	START	1705209353251
REQUEST		Get All VideoGames	1705209353220	1705209353373	OK	 
USER	Section 7 Code	END	1705209353374
REQUEST		Get All VideoGames	1705209352920	1705209353383	OK	 
REQUEST		Get Specific Game	1705209353394	1705209353547	OK	 
USER	Section 7 Code	START	1705209353584
REQUEST		Get All VideoGames	1705209353251	1705209353713	OK	 
USER	Section 7 Code	START	1705209353835
REQUEST		Get Specific Game	1705209353707	1705209353856	OK	 
REQUEST		Get All VideoGames	1705209353583	1705209354038	OK	 
USER	Section 7 Code	START	1705209354082
REQUEST		Get Specific Game	1705209354066	1705209354225	OK	 
REQUEST		Get All VideoGames	1705209353833	1705209354302	OK	 
USER	Section 7 Code	START	1705209354330
REQUEST		Get All VideoGames	1705209354205	1705209354354	OK	 
USER	Section 7 Code	END	1705209354355
REQUEST		Get All VideoGames	1705209354082	1705209354520	OK	 
REQUEST		Get Specific Game	1705209354376	1705209354526	OK	 
USER	Section 7 Code	START	1705209354593
REQUEST		Get All VideoGames	1705209354330	1705209354788	OK	 
USER	Section 7 Code	START	1705209354842
REQUEST		Get All VideoGames	1705209354717	1705209354860	OK	 
USER	Section 7 Code	END	1705209354861
REQUEST		Get Specific Game	1705209354717	1705209354864	OK	 
REQUEST		Get All VideoGames	1705209354593	1705209355031	OK	 
USER	Section 7 Code	START	1705209355091
REQUEST		Get Specific Game	1705209355043	1705209355193	OK	 
REQUEST		Get All VideoGames	1705209354841	1705209355281	OK	 
USER	Section 7 Code	START	1705209355339
REQUEST		Get All VideoGames	1705209355229	1705209355386	OK	 
USER	Section 7 Code	END	1705209355386
REQUEST		Get Specific Game	1705209355386	1705209355538	OK	 
REQUEST		Get All VideoGames	1705209355090	1705209355557	OK	 
USER	Section 7 Code	START	1705209355586
REQUEST		Get All VideoGames	1705209355338	1705209355798	OK	 
USER	Section 7 Code	START	1705209355832
REQUEST		Get Specific Game	1705209355709	1705209355861	OK	 
REQUEST		Get All VideoGames	1705209355771	1705209355932	OK	 
USER	Section 7 Code	END	1705209355933
REQUEST		Get All VideoGames	1705209355585	1705209356021	OK	 
USER	Section 7 Code	START	1705209356081
REQUEST		Get Specific Game	1705209356033	1705209356182	OK	 
REQUEST		Get All VideoGames	1705209355832	1705209356285	OK	 
USER	Section 7 Code	START	1705209356331
REQUEST		Get All VideoGames	1705209356207	1705209356353	OK	 
USER	Section 7 Code	END	1705209356354
REQUEST		Get All VideoGames	1705209356080	1705209356550	OK	 
REQUEST		Get Specific Game	1705209356392	1705209356554	OK	 
USER	Section 7 Code	START	1705209356581
REQUEST		Get All VideoGames	1705209356330	1705209356800	OK	 
USER	Section 7 Code	START	1705209356831
REQUEST		Get Specific Game	1705209356705	1705209356854	OK	 
REQUEST		Get All VideoGames	1705209356705	1705209356854	OK	 
USER	Section 7 Code	END	1705209356855
REQUEST		Get All VideoGames	1705209356580	1705209357027	OK	 
USER	Section 7 Code	START	1705209357080
REQUEST		Get Specific Game	1705209357049	1705209357200	OK	 
REQUEST		Get All VideoGames	1705209356831	1705209357284	OK	 
REQUEST		Get All VideoGames	1705209357188	1705209357336	OK	 
USER	Section 7 Code	END	1705209357336
USER	Section 7 Code	START	1705209357343
REQUEST		Get All VideoGames	1705209357079	1705209357521	OK	 
REQUEST		Get Specific Game	1705209357389	1705209357542	OK	 
USER	Section 7 Code	START	1705209357591
USER	Section 7 Code	START	1705209357778
REQUEST		Get All VideoGames	1705209357343	1705209357809	OK	 
REQUEST		Get Specific Game	1705209357714	1705209357866	OK	 
REQUEST		Get All VideoGames	1705209357714	1705209357868	OK	 
USER	Section 7 Code	END	1705209357868
USER	Section 7 Code	START	1705209357982
REQUEST		Get All VideoGames	1705209357591	1705209358048	OK	 
USER	Section 7 Code	START	1705209358186
REQUEST		Get Specific Game	1705209358059	1705209358211	OK	 
REQUEST		Get All VideoGames	1705209357778	1705209358233	OK	 
REQUEST		Get All VideoGames	1705209358185	1705209358335	OK	 
USER	Section 7 Code	END	1705209358335
USER	Section 7 Code	START	1705209358391
REQUEST		Get All VideoGames	1705209357981	1705209358445	OK	 
REQUEST		Get Specific Game	1705209358390	1705209358543	OK	 
USER	Section 7 Code	START	1705209358593
REQUEST		Get All VideoGames	1705209358185	1705209358629	OK	 
REQUEST		Get All VideoGames	1705209358561	1705209358714	OK	 
USER	Section 7 Code	END	1705209358715
USER	Section 7 Code	START	1705209358782
REQUEST		Get All VideoGames	1705209358390	1705209358859	OK	 
REQUEST		Get Specific Game	1705209358718	1705209358870	OK	 
USER	Section 7 Code	START	1705209358984
REQUEST		Get All VideoGames	1705209358859	1705209359008	OK	 
USER	Section 7 Code	END	1705209359008
REQUEST		Get All VideoGames	1705209358593	1705209359048	OK	 
USER	Section 7 Code	START	1705209359187
REQUEST		Get Specific Game	1705209359046	1705209359196	OK	 
REQUEST		Get All VideoGames	1705209358781	1705209359236	OK	 
USER	Section 7 Code	START	1705209359389
REQUEST		Get All VideoGames	1705209359233	1705209359394	OK	 
USER	Section 7 Code	END	1705209359395
REQUEST		Get All VideoGames	1705209358983	1705209359454	OK	 
REQUEST		Get Specific Game	1705209359311	1705209359463	OK	 
USER	Section 7 Code	START	1705209359591
REQUEST		Get All VideoGames	1705209359187	1705209359644	OK	 
REQUEST		Get Specific Game	1705209359528	1705209359673	OK	 
REQUEST		Get All VideoGames	1705209359528	1705209359676	OK	 
USER	Section 7 Code	END	1705209359677
USER	Section 7 Code	START	1705209359778
REQUEST		Get All VideoGames	1705209359388	1705209359838	OK	 
REQUEST		Get Specific Game	1705209359793	1705209359961	OK	 
USER	Section 7 Code	START	1705209359980
REQUEST		Get All VideoGames	1705209359870	1705209360021	OK	 
USER	Section 7 Code	END	1705209360022
REQUEST		Get All VideoGames	1705209359590	1705209360022	OK	 
USER	Section 7 Code	START	1705209360183
REQUEST		Get Specific Game	1705209360041	1705209360187	OK	 
REQUEST		Get All VideoGames	1705209359777	1705209360261	OK	 
REQUEST		Get All VideoGames	1705209360198	1705209360349	OK	 
USER	Section 7 Code	END	1705209360349
USER	Section 7 Code	START	1705209360386
REQUEST		Get All VideoGames	1705209359979	1705209360420	OK	 
REQUEST		Get Specific Game	1705209360292	1705209360440	OK	 
REQUEST		Get All VideoGames	1705209360182	1705209360645	OK	 
REQUEST		Get All VideoGames	1705209360540	1705209360692	OK	 
USER	Section 7 Code	END	1705209360693
REQUEST		Get Specific Game	1705209360572	1705209360727	OK	 
REQUEST		Get All VideoGames	1705209360385	1705209360841	OK	 
REQUEST		Get Specific Game	1705209360808	1705209360959	OK	 
REQUEST		Get All VideoGames	1705209360869	1705209361019	OK	 
USER	Section 7 Code	END	1705209361020
REQUEST		Get Specific Game	1705209361025	1705209361168	OK	 
REQUEST		Get All VideoGames	1705209361197	1705209361345	OK	 
USER	Section 7 Code	END	1705209361346
REQUEST		Get Specific Game	1705209361291	1705209361442	OK	 
REQUEST		Get Specific Game	1705209361558	1705209361713	OK	 
REQUEST		Get All VideoGames	1705209361558	1705209361716	OK	 
USER	Section 7 Code	END	1705209361717
REQUEST		Get Specific Game	1705209361805	1705209361960	OK	 
REQUEST		Get All VideoGames	1705209361867	1705209362017	OK	 
USER	Section 7 Code	END	1705209362018
REQUEST		Get Specific Game	1705209362037	1705209362185	OK	 
REQUEST		Get All VideoGames	1705209362208	1705209362357	OK	 
USER	Section 7 Code	END	1705209362358
REQUEST		Get Specific Game	1705209362286	1705209362436	OK	 
REQUEST		Get Specific Game	1705209362535	1705209362682	OK	 
REQUEST		Get All VideoGames	1705209362551	1705209362704	OK	 
USER	Section 7 Code	END	1705209362704
REQUEST		Get Specific Game	1705209362817	1705209362972	OK	 
REQUEST		Get All VideoGames	1705209362878	1705209363032	OK	 
USER	Section 7 Code	END	1705209363033
REQUEST		Get Specific Game	1705209363050	1705209363202	OK	 
REQUEST		Get All VideoGames	1705209363221	1705209363372	OK	 
USER	Section 7 Code	END	1705209363373
REQUEST		Get Specific Game	1705209363237	1705209363387	OK	 
REQUEST		Get Specific Game	1705209363454	1705209363608	OK	 
REQUEST		Get All VideoGames	1705209363550	1705209363704	OK	 
USER	Section 7 Code	END	1705209363705
REQUEST		Get Specific Game	1705209363642	1705209363788	OK	 
REQUEST		Get All VideoGames	1705209363875	1705209364028	OK	 
USER	Section 7 Code	END	1705209364029
REQUEST		Get Specific Game	1705209363875	1705209364032	OK	 
REQUEST		Get Specific Game	1705209364062	1705209364214	OK	 
REQUEST		Get All VideoGames	1705209364203	1705209364354	OK	 
USER	Section 7 Code	END	1705209364355
REQUEST		Get Specific Game	1705209364250	1705209364401	OK	 
REQUEST		Get All VideoGames	1705209364469	1705209364622	OK	 
USER	Section 7 Code	END	1705209364623
REQUEST		Get Specific Game	1705209364469	1705209364625	OK	 
REQUEST		Get Specific Game	1705209364656	1705209364808	OK	 
REQUEST		Get All VideoGames	1705209364687	1705209364833	OK	 
USER	Section 7 Code	END	1705209364834
REQUEST		Get Specific Game	1705209364843	1705209364993	OK	 
REQUEST		Get All VideoGames	1705209364967	1705209365120	OK	 
USER	Section 7 Code	END	1705209365121
REQUEST		Get Specific Game	1705209365029	1705209365173	OK	 
REQUEST		Get All VideoGames	1705209365199	1705209365347	OK	 
USER	Section 7 Code	END	1705209365348
REQUEST		Get Specific Game	1705209365276	1705209365427	OK	 
REQUEST		Get Specific Game	1705209365433	1705209365580	OK	 
REQUEST		Get All VideoGames	1705209365449	1705209365594	OK	 
USER	Section 7 Code	END	1705209365595
REQUEST		Get Specific Game	1705209365651	1705209365805	OK	 
REQUEST		Get All VideoGames	1705209365743	1705209365897	OK	 
USER	Section 7 Code	END	1705209365898
REQUEST		Get Specific Game	1705209365853	1705209366003	OK	 
REQUEST		Get All VideoGames	1705209365961	1705209366115	OK	 
USER	Section 7 Code	END	1705209366116
REQUEST		Get All VideoGames	1705209366180	1705209366323	OK	 
USER	Section 7 Code	END	1705209366324
REQUEST		Get All VideoGames	1705209366445	1705209366594	OK	 
USER	Section 7 Code	END	1705209366595
REQUEST		Get All VideoGames	1705209366727	1705209366882	OK	 
USER	Section 7 Code	END	1705209366883
REQUEST		Get All VideoGames	1705209366976	1705209367132	OK	 
USER	Section 7 Code	END	1705209367133
REQUEST		Get All VideoGames	1705209367195	1705209367343	OK	 
USER	Section 7 Code	END	1705209367344
REQUEST		Get All VideoGames	1705209367447	1705209367596	OK	 
USER	Section 7 Code	END	1705209367597
REQUEST		Get All VideoGames	1705209367698	1705209367843	OK	 
USER	Section 7 Code	END	1705209367844
REQUEST		Get All VideoGames	1705209367981	1705209368135	OK	 
USER	Section 7 Code	END	1705209368136
REQUEST		Get All VideoGames	1705209368214	1705209368365	OK	 
USER	Section 7 Code	END	1705209368366
REQUEST		Get All VideoGames	1705209368400	1705209368551	OK	 
USER	Section 7 Code	END	1705209368552
REQUEST		Get All VideoGames	1705209368619	1705209368773	OK	 
USER	Section 7 Code	END	1705209368774
REQUEST		Get All VideoGames	1705209368792	1705209368938	OK	 
USER	Section 7 Code	END	1705209368938
REQUEST		Get All VideoGames	1705209369041	1705209369197	OK	 
USER	Section 7 Code	END	1705209369197
REQUEST		Get All VideoGames	1705209369227	1705209369377	OK	 
USER	Section 7 Code	END	1705209369377
REQUEST		Get All VideoGames	1705209369415	1705209369566	OK	 
USER	Section 7 Code	END	1705209369566
REQUEST		Get All VideoGames	1705209369635	1705209369790	OK	 
USER	Section 7 Code	END	1705209369791
REQUEST		Get All VideoGames	1705209369824	1705209369975	OK	 
USER	Section 7 Code	END	1705209369976
REQUEST		Get All VideoGames	1705209369996	1705209370149	OK	 
USER	Section 7 Code	END	1705209370150
REQUEST		Get All VideoGames	1705209370185	1705209370329	OK	 
USER	Section 7 Code	END	1705209370329
REQUEST		Get All VideoGames	1705209370434	1705209370585	OK	 
USER	Section 7 Code	END	1705209370586
REQUEST		Get All VideoGames	1705209370589	1705209370735	OK	 
USER	Section 7 Code	END	1705209370736
REQUEST		Get All VideoGames	1705209370821	1705209370974	OK	 
USER	Section 7 Code	END	1705209370975
REQUEST		Get All VideoGames	1705209371006	1705209371157	OK	 
USER	Section 7 Code	END	1705209371158
