RUN	computerdatabase.ComputerDatabaseSimulation	computerdatabasesimulation	1705118029528	test	3.10.3
USER	Users	START	1705118031499
USER	Admins	START	1705118031499
REQUEST		Home	1705118031489	1705118032221	OK	 
REQUEST		Home	1705118031489	1705118032235	OK	 
USER	Users	START	1705118032477
REQUEST		Home Redirect 1	1705118032229	1705118032475	OK	 
REQUEST		Home Redirect 1	1705118032236	1705118032491	OK	 
REQUEST		Home	1705118032476	1705118033196	OK	 
REQUEST		Home Redirect 1	1705118033196	1705118033443	OK	 
USER	Users	START	1705118033464
REQUEST		Search	1705118033498	1705118033738	OK	 
REQUEST		Search	1705118033498	1705118033738	OK	 
REQUEST		Home	1705118033463	1705118034168	OK	 
REQUEST		Home Redirect 1	1705118034168	1705118034409	OK	 
USER	Users	START	1705118034475
REQUEST		Search	1705118034460	1705118034708	OK	 
REQUEST		Select	1705118034819	1705118035063	OK	 
REQUEST		Select	1705118034819	1705118035063	OK	 
REQUEST		Home	1705118034474	1705118035181	OK	 
REQUEST		Home Redirect 1	1705118035182	1705118035429	OK	 
USER	Users	START	1705118035475
REQUEST		Search	1705118035412	1705118035657	OK	 
REQUEST		Select	1705118035724	1705118035971	OK	 
REQUEST		Home	1705118035474	1705118036185	OK	 
REQUEST		Page 0	1705118036084	1705118036320	OK	 
REQUEST		Page 0	1705118036084	1705118036319	OK	 
REQUEST		Home Redirect 1	1705118036186	1705118036427	OK	 
USER	Users	START	1705118036473
USER	Admins	START	1705118036474
REQUEST		Search	1705118036442	1705118036686	OK	 
REQUEST		Select	1705118036660	1705118036905	OK	 
REQUEST		Home	1705118036473	1705118037184	OK	 
REQUEST		Home	1705118036473	1705118037204	OK	 
REQUEST		Page 0	1705118036973	1705118037217	OK	 
REQUEST		Home Redirect 1	1705118037184	1705118037436	OK	 
REQUEST		Home Redirect 1	1705118037204	1705118037455	OK	 
USER	Users	START	1705118037473
REQUEST		Page 1	1705118037332	1705118037575	OK	 
REQUEST		Page 1	1705118037332	1705118037575	OK	 
REQUEST		Search	1705118037441	1705118037680	OK	 
REQUEST		Select	1705118037690	1705118037935	OK	 
REQUEST		Page 0	1705118037909	1705118038148	OK	 
REQUEST		Home	1705118037473	1705118038205	OK	 
REQUEST		Page 1	1705118038221	1705118038459	OK	 
REQUEST		Home Redirect 1	1705118038206	1705118038461	OK	 
USER	Users	START	1705118038472
REQUEST		Search	1705118038439	1705118038679	OK	 
REQUEST		Search	1705118038472	1705118038706	OK	 
REQUEST		Page 2	1705118038580	1705118038810	OK	 
REQUEST		Page 2	1705118038580	1705118038816	OK	 
REQUEST		Select	1705118038689	1705118038918	OK	 
REQUEST		Home	1705118038472	1705118039153	OK	 
REQUEST		Page 0	1705118038938	1705118039172	OK	 
REQUEST		Page 1	1705118039155	1705118039383	OK	 
REQUEST		Home Redirect 1	1705118039153	1705118039385	OK	 
USER	Users	START	1705118039468
REQUEST		Page 2	1705118039467	1705118039701	OK	 
REQUEST		Search	1705118039467	1705118039708	OK	 
REQUEST		Select	1705118039686	1705118039917	OK	 
REQUEST		Select	1705118039718	1705118039952	OK	 
REQUEST		Page 3	1705118039814	1705118040043	OK	 
REQUEST		Page 3	1705118039829	1705118040064	OK	 
REQUEST		Home	1705118039467	1705118040143	OK	 
REQUEST		Page 0	1705118039923	1705118040151	OK	 
REQUEST		Home Redirect 1	1705118040143	1705118040373	OK	 
REQUEST		Page 1	1705118040174	1705118040403	OK	 
USER	Users	START	1705118040474
REQUEST		Page 2	1705118040394	1705118040622	OK	 
REQUEST		Search	1705118040394	1705118040622	OK	 
REQUEST		Page 3	1705118040709	1705118040941	OK	 
REQUEST		Select	1705118040725	1705118040961	OK	 
USER	Users	END	1705118041054
REQUEST		Page 0	1705118040928	1705118041158	OK	 
REQUEST		Home	1705118040473	1705118041175	OK	 
REQUEST		Page 0	1705118040959	1705118041193	OK	 
REQUEST		Form	1705118041069	1705118041305	OK	 
REQUEST		Page 1	1705118041161	1705118041389	OK	 
REQUEST		Home Redirect 1	1705118041175	1705118041413	OK	 
REQUEST		Search	1705118041381	1705118041607	OK	 
REQUEST		Page 2	1705118041411	1705118041640	OK	 
REQUEST		Select	1705118041628	1705118041856	OK	 
REQUEST		Page 3	1705118041628	1705118041857	OK	 
USER	Users	END	1705118041944
REQUEST		Page 0	1705118041974	1705118042210	OK	 
REQUEST		Page 1	1705118042174	1705118042405	OK	 
REQUEST		Page 1	1705118042205	1705118042439	OK	 
REQUEST		Page 2	1705118042395	1705118042623	OK	 
REQUEST		Search	1705118042426	1705118042660	OK	 
REQUEST		Select	1705118042611	1705118042838	OK	 
USER	Users	END	1705118042863
REQUEST		Page 3	1705118042643	1705118042871	OK	 
REQUEST		Page 0	1705118042863	1705118043092	OK	 
REQUEST		Post	1705118042317	1705118042552	OK	 
REQUEST		Page 1	1705118043222	1705118043458	OK	 
REQUEST		Post Redirect 1	1705118043390	1705118043625	KO	status.find.is(201), but actually found 200
REQUEST		Page 2	1705118043409	1705118043639	OK	 
REQUEST		Page 2	1705118043455	1705118043689	OK	 
REQUEST		Page 3	1705118043626	1705118043854	OK	 
REQUEST		Form	1705118043629	1705118043863	OK	 
USER	Users	END	1705118043877
REQUEST		Select	1705118043673	1705118043908	OK	 
REQUEST		Page 0	1705118043845	1705118044071	OK	 
REQUEST		Page 1	1705118044096	1705118044324	OK	 
REQUEST		Page 2	1705118044470	1705118044706	OK	 
USER	Users	END	1705118044863
REQUEST		Page 3	1705118044643	1705118044873	OK	 
REQUEST		Page 3	1705118044690	1705118044924	OK	 
REQUEST		Post	1705118044878	1705118045112	OK	 
REQUEST		Page 0	1705118044910	1705118045145	OK	 
REQUEST		Page 1	1705118045081	1705118045308	OK	 
REQUEST		Post Redirect 1	1705118045113	1705118045348	KO	status.find.is(201), but actually found 200
USER	Admins	END	1705118045350
REQUEST		Page 2	1705118045334	1705118045564	OK	 
USER	Users	END	1705118045934
REQUEST		Page 3	1705118045712	1705118045949	OK	 
REQUEST		Form	1705118045886	1705118046127	OK	 
REQUEST		Page 1	1705118046154	1705118046388	OK	 
REQUEST		Page 2	1705118046312	1705118046538	OK	 
REQUEST		Page 3	1705118046579	1705118046806	OK	 
USER	Users	END	1705118046954
REQUEST		Post	1705118047141	1705118047370	OK	 
REQUEST		Post Redirect 1	1705118047371	1705118047603	KO	status.find.is(201), but actually found 200
REQUEST		Page 2	1705118047390	1705118047627	OK	 
REQUEST		Page 3	1705118047546	1705118047774	OK	 
USER	Users	END	1705118047812
REQUEST		Form	1705118047603	1705118047834	OK	 
USER	Users	END	1705118048780
REQUEST		Page 3	1705118048638	1705118048873	OK	 
REQUEST		Post	1705118048841	1705118049073	OK	 
REQUEST		Post Redirect 1	1705118049073	1705118049304	KO	status.find.is(201), but actually found 200
USER	Admins	END	1705118049305
USER	Users	END	1705118049889
